<?xml version="1.0" encoding="UTF-8" ?>
<testsuite errors="0" failures="0" hostname="Adrians-MacBook-Air.local" name="me.adrian.proj.TestProductDaoImpl" skipped="0" tests="1" time="0.841" timestamp="2022-09-24T08:34:27">
  <properties>
    <property name="libs.spring-framework300.classpath" value="/Applications/NetBeans/Apache NetBeans 12.6.app/Contents/Resources/NetBeans/netbeans/platform/modules/org-apache-commons-logging.jar:/Applications/NetBeans/Apache NetBeans 12.6.app/Contents/Resources/NetBeans/netbeans/java/modules/ext/cglib-2.2.jar:/Applications/NetBeans/Apache NetBeans 12.6.app/Contents/Resources/NetBeans/netbeans/java/modules/ext/spring-3.0/spring-aop-3.2.18.RELEASE.jar:/Applications/NetBeans/Apache NetBeans 12.6.app/Contents/Resources/NetBeans/netbeans/java/modules/ext/spring-3.0/spring-aspects-3.2.18.RELEASE.jar:/Applications/NetBeans/Apache NetBeans 12.6.app/Contents/Resources/NetBeans/netbeans/java/modules/ext/spring-3.0/spring-beans-3.2.18.RELEASE.jar:/Applications/NetBeans/Apache NetBeans 12.6.app/Contents/Resources/NetBeans/netbeans/java/modules/ext/spring-3.0/spring-context-3.2.18.RELEASE.jar:/Applications/NetBeans/Apache NetBeans 12.6.app/Contents/Resources/NetBeans/netbeans/java/modules/ext/spring-3.0/spring-context-support-3.2.18.RELEASE.jar:/Applications/NetBeans/Apache NetBeans 12.6.app/Contents/Resources/NetBeans/netbeans/java/modules/ext/spring-3.0/spring-core-3.2.18.RELEASE.jar:/Applications/NetBeans/Apache NetBeans 12.6.app/Contents/Resources/NetBeans/netbeans/java/modules/ext/spring-3.0/spring-expression-3.2.18.RELEASE.jar:/Applications/NetBeans/Apache NetBeans 12.6.app/Contents/Resources/NetBeans/netbeans/java/modules/ext/spring-3.0/spring-instrument-3.2.18.RELEASE.jar:/Applications/NetBeans/Apache NetBeans 12.6.app/Contents/Resources/NetBeans/netbeans/java/modules/ext/spring-3.0/spring-instrument-tomcat-3.2.18.RELEASE.jar:/Applications/NetBeans/Apache NetBeans 12.6.app/Contents/Resources/NetBeans/netbeans/java/modules/ext/spring-3.0/spring-jdbc-3.2.18.RELEASE.jar:/Applications/NetBeans/Apache NetBeans 12.6.app/Contents/Resources/NetBeans/netbeans/java/modules/ext/spring-3.0/spring-jms-3.2.18.RELEASE.jar:/Applications/NetBeans/Apache NetBeans 12.6.app/Contents/Resources/NetBeans/netbeans/java/modules/ext/spring-3.0/spring-orm-3.2.18.RELEASE.jar:/Applications/NetBeans/Apache NetBeans 12.6.app/Contents/Resources/NetBeans/netbeans/java/modules/ext/spring-3.0/spring-oxm-3.2.18.RELEASE.jar:/Applications/NetBeans/Apache NetBeans 12.6.app/Contents/Resources/NetBeans/netbeans/java/modules/ext/spring-3.0/spring-struts-3.2.18.RELEASE.jar:/Applications/NetBeans/Apache NetBeans 12.6.app/Contents/Resources/NetBeans/netbeans/java/modules/ext/spring-3.0/spring-test-3.2.18.RELEASE.jar:/Applications/NetBeans/Apache NetBeans 12.6.app/Contents/Resources/NetBeans/netbeans/java/modules/ext/spring-3.0/spring-tx-3.2.18.RELEASE.jar:/Applications/NetBeans/Apache NetBeans 12.6.app/Contents/Resources/NetBeans/netbeans/java/modules/ext/spring-3.0/spring-web-3.2.18.RELEASE.jar:/Applications/NetBeans/Apache NetBeans 12.6.app/Contents/Resources/NetBeans/netbeans/java/modules/ext/spring-3.0/spring-webmvc-3.2.18.RELEASE.jar:/Applications/NetBeans/Apache NetBeans 12.6.app/Contents/Resources/NetBeans/netbeans/java/modules/ext/spring-3.0/spring-webmvc-portlet-3.2.18.RELEASE.jar" />
    <property name="javac.test.classpath" value="/Users/adrianfaisal/NetBeansProjects/rpl2-di/lib/spring-framework400/org-apache-commons-logging.jar;/Users/adrianfaisal/NetBeansProjects/rpl2-di/lib/spring-framework400/cglib-2.2.jar;/Users/adrianfaisal/NetBeansProjects/rpl2-di/lib/spring-framework400/spring-aop-4.0.1.RELEASE.jar;/Users/adrianfaisal/NetBeansProjects/rpl2-di/lib/spring-framework400/spring-aspects-4.0.1.RELEASE.jar;/Users/adrianfaisal/NetBeansProjects/rpl2-di/lib/spring-framework400/spring-beans-4.0.1.RELEASE.jar;/Users/adrianfaisal/NetBeansProjects/rpl2-di/lib/spring-framework400/spring-build-src-4.0.1.RELEASE.jar;/Users/adrianfaisal/NetBeansProjects/rpl2-di/lib/spring-framework400/spring-context-4.0.1.RELEASE.jar;/Users/adrianfaisal/NetBeansProjects/rpl2-di/lib/spring-framework400/spring-context-support-4.0.1.RELEASE.jar;/Users/adrianfaisal/NetBeansProjects/rpl2-di/lib/spring-framework400/spring-core-4.0.1.RELEASE.jar;/Users/adrianfaisal/NetBeansProjects/rpl2-di/lib/spring-framework400/spring-expression-4.0.1.RELEASE.jar;/Users/adrianfaisal/NetBeansProjects/rpl2-di/lib/spring-framework400/spring-framework-bom-4.0.1.RELEASE.jar;/Users/adrianfaisal/NetBeansProjects/rpl2-di/lib/spring-framework400/spring-instrument-4.0.1.RELEASE.jar;/Users/adrianfaisal/NetBeansProjects/rpl2-di/lib/spring-framework400/spring-instrument-tomcat-4.0.1.RELEASE.jar;/Users/adrianfaisal/NetBeansProjects/rpl2-di/lib/spring-framework400/spring-jdbc-4.0.1.RELEASE.jar;/Users/adrianfaisal/NetBeansProjects/rpl2-di/lib/spring-framework400/spring-jms-4.0.1.RELEASE.jar;/Users/adrianfaisal/NetBeansProjects/rpl2-di/lib/spring-framework400/spring-messaging-4.0.1.RELEASE.jar;/Users/adrianfaisal/NetBeansProjects/rpl2-di/lib/spring-framework400/spring-orm-4.0.1.RELEASE.jar;/Users/adrianfaisal/NetBeansProjects/rpl2-di/lib/spring-framework400/spring-oxm-4.0.1.RELEASE.jar;/Users/adrianfaisal/NetBeansProjects/rpl2-di/lib/spring-framework400/spring-test-4.0.1.RELEASE.jar;/Users/adrianfaisal/NetBeansProjects/rpl2-di/lib/spring-framework400/spring-tx-4.0.1.RELEASE.jar;/Users/adrianfaisal/NetBeansProjects/rpl2-di/lib/spring-framework400/spring-web-4.0.1.RELEASE.jar;/Users/adrianfaisal/NetBeansProjects/rpl2-di/lib/spring-framework400/spring-webmvc-4.0.1.RELEASE.jar;/Users/adrianfaisal/NetBeansProjects/rpl2-di/lib/spring-framework400/spring-webmvc-portlet-4.0.1.RELEASE.jar;/Users/adrianfaisal/NetBeansProjects/rpl2-di/lib/spring-framework400/spring-websocket-4.0.1.RELEASE.jar:/Users/adrianfaisal/NetBeansProjects/rpl2-di/lib/jpa2-persistence/hibernate-jpa-2.1-api-1.0.0.Final.jar:/Users/adrianfaisal/NetBeansProjects/rpl2-di/lib/hibernate4-support/antlr-2.7.7.jar;/Users/adrianfaisal/NetBeansProjects/rpl2-di/lib/hibernate4-support/c3p0-0.9.2.1.jar;/Users/adrianfaisal/NetBeansProjects/rpl2-di/lib/hibernate4-support/hibernate-c3p0-4.3.1.Final.jar;/Users/adrianfaisal/NetBeansProjects/rpl2-di/lib/hibernate4-support/mchange-commons-java-0.2.3.4.jar;/Users/adrianfaisal/NetBeansProjects/rpl2-di/lib/hibernate4-support/dom4j-1.6.1.jar;/Users/adrianfaisal/NetBeansProjects/rpl2-di/lib/hibernate4-support/ehcache-core-2.4.3.jar;/Users/adrianfaisal/NetBeansProjects/rpl2-di/lib/hibernate4-support/hibernate-ehcache-4.3.1.Final.jar;/Users/adrianfaisal/NetBeansProjects/rpl2-di/lib/hibernate4-support/hibernate-core-4.3.1.Final.jar;/Users/adrianfaisal/NetBeansProjects/rpl2-di/lib/hibernate4-support/jboss-logging-3.1.3.GA.jar;/Users/adrianfaisal/NetBeansProjects/rpl2-di/lib/hibernate4-support/hibernate-commons-annotations-4.0.4.Final.jar;/Users/adrianfaisal/NetBeansProjects/rpl2-di/lib/hibernate4-support/hibernate-entitymanager-4.3.1.Final.jar;/Users/adrianfaisal/NetBeansProjects/rpl2-di/lib/hibernate4-support/javassist-3.18.1-GA.jar;/Users/adrianfaisal/NetBeansProjects/rpl2-di/lib/hibernate4-support/jboss-transaction-api_1.2_spec-1.0.0.Final.jar;/Users/adrianfaisal/NetBeansProjects/rpl2-di/lib/hibernate4-support/slf4j-api-1.6.1.jar;/Users/adrianfaisal/NetBeansProjects/rpl2-di/lib/hibernate4-support/slf4j-simple-1.6.1.jar:lib/mysql-connector-java-5.1.23-bin.jar:lib/aopalliance-1.0.jar:lib/junit-4.13.2.jar:lib/hamcrest-core-1.3.jar:/Users/adrianfaisal/NetBeansProjects/rpl2-di/lib/MySQLDriver/mysql-connector-java-5.1.23-bin.jar:build/classes" />
    <property name="java.specification.version" value="17" />
    <property name="libs.spring-framework500.classpath" value="/Applications/NetBeans/Apache NetBeans 12.6.app/Contents/Resources/NetBeans/netbeans/platform/modules/org-apache-commons-logging.jar:/Applications/NetBeans/Apache NetBeans 12.6.app/Contents/Resources/NetBeans/netbeans/java/modules/ext/cglib-2.2.jar:/Applications/NetBeans/Apache NetBeans 12.6.app/Contents/Resources/NetBeans/netbeans/java/modules/ext/spring-5/spring-aop-5.2.9.RELEASE.jar:/Applications/NetBeans/Apache NetBeans 12.6.app/Contents/Resources/NetBeans/netbeans/java/modules/ext/spring-5/spring-aspects-5.2.9.RELEASE.jar:/Applications/NetBeans/Apache NetBeans 12.6.app/Contents/Resources/NetBeans/netbeans/java/modules/ext/spring-5/spring-beans-5.2.9.RELEASE.jar:/Applications/NetBeans/Apache NetBeans 12.6.app/Contents/Resources/NetBeans/netbeans/java/modules/ext/spring-5/spring-context-5.2.9.RELEASE.jar:/Applications/NetBeans/Apache NetBeans 12.6.app/Contents/Resources/NetBeans/netbeans/java/modules/ext/spring-5/spring-context-indexer-5.2.9.RELEASE.jar:/Applications/NetBeans/Apache NetBeans 12.6.app/Contents/Resources/NetBeans/netbeans/java/modules/ext/spring-5/spring-context-support-5.2.9.RELEASE.jar:/Applications/NetBeans/Apache NetBeans 12.6.app/Contents/Resources/NetBeans/netbeans/java/modules/ext/spring-5/spring-core-5.2.9.RELEASE.jar:/Applications/NetBeans/Apache NetBeans 12.6.app/Contents/Resources/NetBeans/netbeans/java/modules/ext/spring-5/spring-expression-5.2.9.RELEASE.jar:/Applications/NetBeans/Apache NetBeans 12.6.app/Contents/Resources/NetBeans/netbeans/java/modules/ext/spring-5/spring-instrument-5.2.9.RELEASE.jar:/Applications/NetBeans/Apache NetBeans 12.6.app/Contents/Resources/NetBeans/netbeans/java/modules/ext/spring-5/spring-jcl-5.2.9.RELEASE.jar:/Applications/NetBeans/Apache NetBeans 12.6.app/Contents/Resources/NetBeans/netbeans/java/modules/ext/spring-5/spring-jdbc-5.2.9.RELEASE.jar:/Applications/NetBeans/Apache NetBeans 12.6.app/Contents/Resources/NetBeans/netbeans/java/modules/ext/spring-5/spring-jms-5.2.9.RELEASE.jar:/Applications/NetBeans/Apache NetBeans 12.6.app/Contents/Resources/NetBeans/netbeans/java/modules/ext/spring-5/spring-messaging-5.2.9.RELEASE.jar:/Applications/NetBeans/Apache NetBeans 12.6.app/Contents/Resources/NetBeans/netbeans/java/modules/ext/spring-5/spring-orm-5.2.9.RELEASE.jar:/Applications/NetBeans/Apache NetBeans 12.6.app/Contents/Resources/NetBeans/netbeans/java/modules/ext/spring-5/spring-oxm-5.2.9.RELEASE.jar:/Applications/NetBeans/Apache NetBeans 12.6.app/Contents/Resources/NetBeans/netbeans/java/modules/ext/spring-5/spring-test-5.2.9.RELEASE.jar:/Applications/NetBeans/Apache NetBeans 12.6.app/Contents/Resources/NetBeans/netbeans/java/modules/ext/spring-5/spring-tx-5.2.9.RELEASE.jar:/Applications/NetBeans/Apache NetBeans 12.6.app/Contents/Resources/NetBeans/netbeans/java/modules/ext/spring-5/spring-web-5.2.9.RELEASE.jar:/Applications/NetBeans/Apache NetBeans 12.6.app/Contents/Resources/NetBeans/netbeans/java/modules/ext/spring-5/spring-webflux-5.2.9.RELEASE.jar:/Applications/NetBeans/Apache NetBeans 12.6.app/Contents/Resources/NetBeans/netbeans/java/modules/ext/spring-5/spring-webmvc-5.2.9.RELEASE.jar:/Applications/NetBeans/Apache NetBeans 12.6.app/Contents/Resources/NetBeans/netbeans/java/modules/ext/spring-5/spring-websocket-5.2.9.RELEASE.jar" />
    <property name="jar.index.metainf" value="false" />
    <property name="libs.spring-webmvc4.0.javadoc" value="" />
    <property name="libs.spring-framework400.classpath" value="/Users/adrianfaisal/NetBeansProjects/rpl2-di/lib/spring-framework400/org-apache-commons-logging.jar;/Users/adrianfaisal/NetBeansProjects/rpl2-di/lib/spring-framework400/cglib-2.2.jar;/Users/adrianfaisal/NetBeansProjects/rpl2-di/lib/spring-framework400/spring-aop-4.0.1.RELEASE.jar;/Users/adrianfaisal/NetBeansProjects/rpl2-di/lib/spring-framework400/spring-aspects-4.0.1.RELEASE.jar;/Users/adrianfaisal/NetBeansProjects/rpl2-di/lib/spring-framework400/spring-beans-4.0.1.RELEASE.jar;/Users/adrianfaisal/NetBeansProjects/rpl2-di/lib/spring-framework400/spring-build-src-4.0.1.RELEASE.jar;/Users/adrianfaisal/NetBeansProjects/rpl2-di/lib/spring-framework400/spring-context-4.0.1.RELEASE.jar;/Users/adrianfaisal/NetBeansProjects/rpl2-di/lib/spring-framework400/spring-context-support-4.0.1.RELEASE.jar;/Users/adrianfaisal/NetBeansProjects/rpl2-di/lib/spring-framework400/spring-core-4.0.1.RELEASE.jar;/Users/adrianfaisal/NetBeansProjects/rpl2-di/lib/spring-framework400/spring-expression-4.0.1.RELEASE.jar;/Users/adrianfaisal/NetBeansProjects/rpl2-di/lib/spring-framework400/spring-framework-bom-4.0.1.RELEASE.jar;/Users/adrianfaisal/NetBeansProjects/rpl2-di/lib/spring-framework400/spring-instrument-4.0.1.RELEASE.jar;/Users/adrianfaisal/NetBeansProjects/rpl2-di/lib/spring-framework400/spring-instrument-tomcat-4.0.1.RELEASE.jar;/Users/adrianfaisal/NetBeansProjects/rpl2-di/lib/spring-framework400/spring-jdbc-4.0.1.RELEASE.jar;/Users/adrianfaisal/NetBeansProjects/rpl2-di/lib/spring-framework400/spring-jms-4.0.1.RELEASE.jar;/Users/adrianfaisal/NetBeansProjects/rpl2-di/lib/spring-framework400/spring-messaging-4.0.1.RELEASE.jar;/Users/adrianfaisal/NetBeansProjects/rpl2-di/lib/spring-framework400/spring-orm-4.0.1.RELEASE.jar;/Users/adrianfaisal/NetBeansProjects/rpl2-di/lib/spring-framework400/spring-oxm-4.0.1.RELEASE.jar;/Users/adrianfaisal/NetBeansProjects/rpl2-di/lib/spring-framework400/spring-test-4.0.1.RELEASE.jar;/Users/adrianfaisal/NetBeansProjects/rpl2-di/lib/spring-framework400/spring-tx-4.0.1.RELEASE.jar;/Users/adrianfaisal/NetBeansProjects/rpl2-di/lib/spring-framework400/spring-web-4.0.1.RELEASE.jar;/Users/adrianfaisal/NetBeansProjects/rpl2-di/lib/spring-framework400/spring-webmvc-4.0.1.RELEASE.jar;/Users/adrianfaisal/NetBeansProjects/rpl2-di/lib/spring-framework400/spring-webmvc-portlet-4.0.1.RELEASE.jar;/Users/adrianfaisal/NetBeansProjects/rpl2-di/lib/spring-framework400/spring-websocket-4.0.1.RELEASE.jar" />
    <property name="test.binaryincludes" value="&lt;nothing&gt;" />
    <property name="debug-transport" value="dt_socket" />
    <property name="libs.javaee-web-api-8.0.src" value="" />
    <property name="java.vendor.url" value="https://github.com/Homebrew/homebrew-core/issues" />
    <property name="debug.modulepath" value="" />
    <property name="libs.eclipselink.javadoc" value="/Applications/NetBeans/Apache NetBeans 12.6.app/Contents/Resources/NetBeans/netbeans/java/modules/ext/docs/javax.persistence-2.2.1-doc.zip" />
    <property name="libs.spring-framework400.prop-maven-dependencies" value="&#xa;                org.springframework:spring-aop:4.0.1.RELEASE:jar&#xa;                org.springframework:spring-aspects:4.0.1.RELEASE:jar&#xa;                org.springframework:spring-beans:4.0.1.RELEASE:jar&#xa;                org.springframework:spring-context:4.0.1.RELEASE:jar&#xa;                org.springframework:spring-context-support:4.0.1.RELEASE:jar&#xa;                org.springframework:spring-core:4.0.1.RELEASE:jar&#xa;                org.springframework:spring-expression:4.0.1.RELEASE:jar&#xa;                org.springframework:spring-framework-bom:4.0.1.RELEASE:jar&#xa;                org.springframework:spring-instrument:4.0.1.RELEASE:jar&#xa;                org.springframework:spring-instrument-tomcat:4.0.1.RELEASE:jar&#xa;                org.springframework:spring-jdbc:4.0.1.RELEASE:jar&#xa;                org.springframework:spring-jms:4.0.1.RELEASE:jar&#xa;                org.springframework:spring-messaging:4.0.1.RELEASE:jar&#xa;                org.springframework:spring-orm:4.0.1.RELEASE:jar&#xa;                org.springframework:spring-oxm:4.0.1.RELEASE:jar&#xa;                org.springframework:spring-test:4.0.1.RELEASE:jar&#xa;                org.springframework:spring-tx:4.0.1.RELEASE:jar&#xa;                org.springframework:spring-web:4.0.1.RELEASE:jar&#xa;                org.springframework:spring-webmvc:4.0.1.RELEASE:jar&#xa;                org.springframework:spring-webmvc-portlet:4.0.1.RELEASE:jar&#xa;                org.springframework:spring-websocket:4.0.1.RELEASE:jar&#xa;            " />
    <property name="libs.jsp-compilation.src" value="" />
    <property name="libs.JWSAntTasks.javadoc" value="" />
    <property name="sun.boot.library.path" value="/opt/homebrew/Cellar/openjdk/17.0.2/libexec/openjdk.jdk/Contents/Home/lib" />
    <property name="sun.java.command" value="org.apache.tools.ant.taskdefs.optional.junit.JUnitTestRunner me.adrian.proj.TestProductDaoImpl methods=testCreate skipNonTests=false filtertrace=true haltOnError=false haltOnFailure=false showoutput=true outputtoformatters=true logfailedtests=true threadid=0 logtestlistenerevents=true formatter=org.apache.tools.ant.taskdefs.optional.junit.BriefJUnitResultFormatter formatter=org.apache.tools.ant.taskdefs.optional.junit.XMLJUnitResultFormatter,/Users/adrianfaisal/NetBeansProjects/rpl2-di/build/test/results/TEST-me.adrian.proj.TestProductDaoImpl.xml crashfile=/Users/adrianfaisal/NetBeansProjects/rpl2-di/build/junitvmwatcher16044937022646066990.properties propsfile=/Users/adrianfaisal/NetBeansProjects/rpl2-di/build/junit727238872263199420.properties" />
    <property name="jdk.debug" value="release" />
    <property name="libs.spring-framework300.src" value="" />
    <property name="javadoc.use" value="true" />
    <property name="javadoc.notree" value="false" />
    <property name="libs.CopyLibs.displayName" value="CopyLibs Task" />
    <property name="basedir" value="/Users/adrianfaisal/NetBeansProjects/rpl2-di" />
    <property name="java.vm.specification.vendor" value="Oracle Corporation" />
    <property name="java.specification.name" value="Java Platform API Specification" />
    <property name="libs.jsf20.classpath" value="/Applications/NetBeans/Apache NetBeans 12.6.app/Contents/Resources/NetBeans/netbeans/enterprise/modules/ext/jsf-2_2/javax.faces.jar" />
    <property name="netbeans.extbrowser.manual_chrome_plugin_install" value="yes" />
    <property name="libs.spring-framework500.javadoc" value="" />
    <property name="netbeans.default_userdir_root" value="/Users/adrianfaisal/Library/Application Support/NetBeans" />
    <property name="libs.jsp-compilation-syscp.src" value="" />
    <property name="jdk.home" value="/opt/homebrew/Cellar/openjdk/17.0.2/libexec/openjdk.jdk/Contents/Home" />
    <property name="java.runtime.version" value="17.0.2+0" />
    <property name="libs.eclipselink.maven-pom" value="" />
    <property name="libs.hamcrest.displayName" value="Hamcrest 1.3" />
    <property name="libs.metro.maven-pom" value="" />
    <property name="libs.JAXB-ENDORSED.javadoc" value="" />
    <property name="sun.java2d.noddraw" value="true" />
    <property name="sun.zip.disableMemoryMapping" value="true" />
    <property name="guice.disable.misplaced.annotation.check" value="true" />
    <property name="jnidispatch.path" value="/Users/adrianfaisal/Library/Caches/JNA/temp/jna16958502961727062078.tmp" />
    <property name="libs.primefaces.javadoc" value="" />
    <property name="libs.jsf12.src" value="" />
    <property name="libs.jsp-compilation.javadoc" value="" />
    <property name="libs.groovy-all.maven-pom" value="" />
    <property name="libs.restapi.src" value="" />
    <property name="java.vendor.version" value="Homebrew" />
    <property name="libs.junit_5.javadoc" value="/Applications/NetBeans/Apache NetBeans 12.6.app/Contents/Resources/NetBeans/netbeans/platform/docs/junit-jupiter-api-5.6.0-javadoc.jar:/Applications/NetBeans/Apache NetBeans 12.6.app/Contents/Resources/NetBeans/netbeans/platform/docs/junit-jupiter-params-5.6.0-javadoc.jar:/Applications/NetBeans/Apache NetBeans 12.6.app/Contents/Resources/NetBeans/netbeans/platform/docs/junit-jupiter-engine-5.6.0-javadoc.jar" />
    <property name="dist.archive.excludes" value="" />
    <property name="java.io.tmpdir" value="/var/folders/t2/szzs2w5x32sg_np18c7qx4hw0000gn/T/" />
    <property name="java.version" value="17.0.2" />
    <property name="libraries.basename" value="nblibraries" />
    <property name="libs.jakartaee-api-8.0.javadoc" value="/Applications/NetBeans/Apache NetBeans 12.6.app/Contents/Resources/NetBeans/netbeans/enterprise/docs/jakartaee8-doc-api.jar" />
    <property name="java.vm.specification.name" value="Java Virtual Machine Specification" />
    <property name="native.encoding" value="UTF-8" />
    <property name="java.library.path" value="/Users/adrianfaisal/Library/Java/Extensions:/Library/Java/Extensions:/Network/Library/Java/Extensions:/System/Library/Java/Extensions:/usr/lib/java:." />
    <property name="libs.hamcrest.src" value="" />
    <property name="java.vendor" value="Homebrew" />
    <property name="libs.groovy-all.src" value="" />
    <property name="libs.testng.javadoc" value="/Applications/NetBeans/Apache NetBeans 12.6.app/Contents/Resources/NetBeans/netbeans/platform/docs/testng-6.13.1-javadoc.jar" />
    <property name="meta.inf.dir" value="src/META-INF" />
    <property name="libs.testng.maven-pom" value="" />
    <property name="org.openide.version" value="deprecated" />
    <property name="run.classpath" value="/Users/adrianfaisal/NetBeansProjects/rpl2-di/lib/spring-framework400/org-apache-commons-logging.jar;/Users/adrianfaisal/NetBeansProjects/rpl2-di/lib/spring-framework400/cglib-2.2.jar;/Users/adrianfaisal/NetBeansProjects/rpl2-di/lib/spring-framework400/spring-aop-4.0.1.RELEASE.jar;/Users/adrianfaisal/NetBeansProjects/rpl2-di/lib/spring-framework400/spring-aspects-4.0.1.RELEASE.jar;/Users/adrianfaisal/NetBeansProjects/rpl2-di/lib/spring-framework400/spring-beans-4.0.1.RELEASE.jar;/Users/adrianfaisal/NetBeansProjects/rpl2-di/lib/spring-framework400/spring-build-src-4.0.1.RELEASE.jar;/Users/adrianfaisal/NetBeansProjects/rpl2-di/lib/spring-framework400/spring-context-4.0.1.RELEASE.jar;/Users/adrianfaisal/NetBeansProjects/rpl2-di/lib/spring-framework400/spring-context-support-4.0.1.RELEASE.jar;/Users/adrianfaisal/NetBeansProjects/rpl2-di/lib/spring-framework400/spring-core-4.0.1.RELEASE.jar;/Users/adrianfaisal/NetBeansProjects/rpl2-di/lib/spring-framework400/spring-expression-4.0.1.RELEASE.jar;/Users/adrianfaisal/NetBeansProjects/rpl2-di/lib/spring-framework400/spring-framework-bom-4.0.1.RELEASE.jar;/Users/adrianfaisal/NetBeansProjects/rpl2-di/lib/spring-framework400/spring-instrument-4.0.1.RELEASE.jar;/Users/adrianfaisal/NetBeansProjects/rpl2-di/lib/spring-framework400/spring-instrument-tomcat-4.0.1.RELEASE.jar;/Users/adrianfaisal/NetBeansProjects/rpl2-di/lib/spring-framework400/spring-jdbc-4.0.1.RELEASE.jar;/Users/adrianfaisal/NetBeansProjects/rpl2-di/lib/spring-framework400/spring-jms-4.0.1.RELEASE.jar;/Users/adrianfaisal/NetBeansProjects/rpl2-di/lib/spring-framework400/spring-messaging-4.0.1.RELEASE.jar;/Users/adrianfaisal/NetBeansProjects/rpl2-di/lib/spring-framework400/spring-orm-4.0.1.RELEASE.jar;/Users/adrianfaisal/NetBeansProjects/rpl2-di/lib/spring-framework400/spring-oxm-4.0.1.RELEASE.jar;/Users/adrianfaisal/NetBeansProjects/rpl2-di/lib/spring-framework400/spring-test-4.0.1.RELEASE.jar;/Users/adrianfaisal/NetBeansProjects/rpl2-di/lib/spring-framework400/spring-tx-4.0.1.RELEASE.jar;/Users/adrianfaisal/NetBeansProjects/rpl2-di/lib/spring-framework400/spring-web-4.0.1.RELEASE.jar;/Users/adrianfaisal/NetBeansProjects/rpl2-di/lib/spring-framework400/spring-webmvc-4.0.1.RELEASE.jar;/Users/adrianfaisal/NetBeansProjects/rpl2-di/lib/spring-framework400/spring-webmvc-portlet-4.0.1.RELEASE.jar;/Users/adrianfaisal/NetBeansProjects/rpl2-di/lib/spring-framework400/spring-websocket-4.0.1.RELEASE.jar:/Users/adrianfaisal/NetBeansProjects/rpl2-di/lib/jpa2-persistence/hibernate-jpa-2.1-api-1.0.0.Final.jar:/Users/adrianfaisal/NetBeansProjects/rpl2-di/lib/hibernate4-support/antlr-2.7.7.jar;/Users/adrianfaisal/NetBeansProjects/rpl2-di/lib/hibernate4-support/c3p0-0.9.2.1.jar;/Users/adrianfaisal/NetBeansProjects/rpl2-di/lib/hibernate4-support/hibernate-c3p0-4.3.1.Final.jar;/Users/adrianfaisal/NetBeansProjects/rpl2-di/lib/hibernate4-support/mchange-commons-java-0.2.3.4.jar;/Users/adrianfaisal/NetBeansProjects/rpl2-di/lib/hibernate4-support/dom4j-1.6.1.jar;/Users/adrianfaisal/NetBeansProjects/rpl2-di/lib/hibernate4-support/ehcache-core-2.4.3.jar;/Users/adrianfaisal/NetBeansProjects/rpl2-di/lib/hibernate4-support/hibernate-ehcache-4.3.1.Final.jar;/Users/adrianfaisal/NetBeansProjects/rpl2-di/lib/hibernate4-support/hibernate-core-4.3.1.Final.jar;/Users/adrianfaisal/NetBeansProjects/rpl2-di/lib/hibernate4-support/jboss-logging-3.1.3.GA.jar;/Users/adrianfaisal/NetBeansProjects/rpl2-di/lib/hibernate4-support/hibernate-commons-annotations-4.0.4.Final.jar;/Users/adrianfaisal/NetBeansProjects/rpl2-di/lib/hibernate4-support/hibernate-entitymanager-4.3.1.Final.jar;/Users/adrianfaisal/NetBeansProjects/rpl2-di/lib/hibernate4-support/javassist-3.18.1-GA.jar;/Users/adrianfaisal/NetBeansProjects/rpl2-di/lib/hibernate4-support/jboss-transaction-api_1.2_spec-1.0.0.Final.jar;/Users/adrianfaisal/NetBeansProjects/rpl2-di/lib/hibernate4-support/slf4j-api-1.6.1.jar;/Users/adrianfaisal/NetBeansProjects/rpl2-di/lib/hibernate4-support/slf4j-simple-1.6.1.jar:lib/mysql-connector-java-5.1.23-bin.jar:lib/aopalliance-1.0.jar:lib/junit-4.13.2.jar:lib/hamcrest-core-1.3.jar:/Users/adrianfaisal/NetBeansProjects/rpl2-di/lib/MySQLDriver/mysql-connector-java-5.1.23-bin.jar:build/classes" />
    <property name="libs.jaxb.src" value="" />
    <property name="sun.awt.enableExtraMouseButtons" value="true" />
    <property name="test.src.dir" value="test" />
    <property name="org.openide.major.version" value="IDE/1" />
    <property name="libs.spring-framework300.javadoc" value="" />
    <property name="ant.file.type.rpl2-di-impl" value="file" />
    <property name="ap.proc.none.internal" value="" />
    <property name="org.openide.specification.version" value="6.2" />
    <property name="user.timezone" value="Asia/Jakarta" />
    <property name="jar.index" value="false" />
    <property name="libs.jpa20-persistence.classpath" value="/Applications/NetBeans/Apache NetBeans 12.6.app/Contents/Resources/NetBeans/netbeans/java/modules/ext/eclipselink/javax.persistence-2.2.1.jar" />
    <property name="java.vm.specification.version" value="17" />
    <property name="libs.eclipselinkmodelgen.javadoc" value="" />
    <property name="libs.junit_5.classpath" value="/Applications/NetBeans/Apache NetBeans 12.6.app/Contents/Resources/NetBeans/netbeans/platform/modules/ext/junit-jupiter-api-5.6.0.jar:/Applications/NetBeans/Apache NetBeans 12.6.app/Contents/Resources/NetBeans/netbeans/platform/modules/ext/junit-jupiter-params-5.6.0.jar:/Applications/NetBeans/Apache NetBeans 12.6.app/Contents/Resources/NetBeans/netbeans/platform/modules/ext/junit-jupiter-engine-5.6.0.jar" />
    <property name="javadoc.noindex" value="false" />
    <property name="javadoc.private" value="false" />
    <property name="libs.spring-webmvc4.0.maven-pom" value="" />
    <property name="libs.JAXB-ENDORSED.maven-pom" value="" />
    <property name="user.home" value="/Users/adrianfaisal" />
    <property name="libs.eclipselinkmodelgen.maven-pom" value="" />
    <property name="have.sources" value="true" />
    <property name="annotation.processing.processors.list" value="" />
    <property name="javac.deprecation" value="false" />
    <property name="libs.junit_4.displayName" value="JUnit 4.13.2" />
    <property name="libs.junit_4.prop-maven-dependencies" value="junit:junit:4.13.2:jar" />
    <property name="build.generated.sources.dir" value="build/generated-sources" />
    <property name="plugin.manager.check.updates" value="false" />
    <property name="netbeans.autoupdate.language" value="en" />
    <property name="ant.file.type.rpl2-di" value="file" />
    <property name="libs.jpa2-persistence.prop-maven-dependencies" value="org.hibernate.javax.persistence:hibernate-jpa-2.1-api:1.0.0.Final:jar" />
    <property name="build.compiler.emacs" value="true" />
    <property name="libs.eclipselinkmodelgen.src" value="" />
    <property name="build.classes.excludes" value="**/*.java,**/*.form" />
    <property name="dist.jar" value="dist/rpl2-di.jar" />
    <property name="libs.jakartaee-web-api-9.0.classpath" value="/Applications/NetBeans/Apache NetBeans 12.6.app/Contents/Resources/NetBeans/netbeans/enterprise/modules/ext/jakarta.jakartaee-web-api-9.0.0.jar" />
    <property name="libs.spring-webmvc4.0.classpath" value="/Applications/NetBeans/Apache NetBeans 12.6.app/Contents/Resources/NetBeans/netbeans/java/modules/ext/spring-4/spring-webmvc-4.3.29.RELEASE.jar" />
    <property name="libs.javaee-endorsed-api-7.0.javadoc" value="/Applications/NetBeans/Apache NetBeans 12.6.app/Contents/Resources/NetBeans/netbeans/enterprise/docs/javaee-doc-api.jar" />
    <property name="os.version" value="12.6" />
    <property name="netbeans.home" value="/Applications/NetBeans/Apache NetBeans 12.6.app/Contents/Resources/NetBeans/netbeans/platform" />
    <property name="libs.CopyLibs.javadoc" value="" />
    <property name="debug-transport-by-os" value="dt_socket" />
    <property name="libs.javaee-api-8.0.javadoc" value="/Applications/NetBeans/Apache NetBeans 12.6.app/Contents/Resources/NetBeans/netbeans/enterprise/docs/javaee-doc-api.jar" />
    <property name="libs.jsf20.src" value="" />
    <property name="java.vm.name" value="OpenJDK 64-Bit Server VM" />
    <property name="libs.jstl.javadoc" value="/Applications/NetBeans/Apache NetBeans 12.6.app/Contents/Resources/NetBeans/netbeans/enterprise/docs/javaee-doc-api.jar" />
    <property name="libs.javaee-endorsed-api-7.0.maven-pom" value="" />
    <property name="libs.jaxws21.classpath" value="/Applications/NetBeans/Apache NetBeans 12.6.app/Contents/Resources/NetBeans/netbeans/ide/modules/ext/jaxb/jaxb-impl.jar:/Applications/NetBeans/Apache NetBeans 12.6.app/Contents/Resources/NetBeans/netbeans/ide/modules/ext/jaxb/jaxb-xjc.jar:/Applications/NetBeans/Apache NetBeans 12.6.app/Contents/Resources/NetBeans/netbeans/java/modules/ext/jaxws22/FastInfoset.jar:/Applications/NetBeans/Apache NetBeans 12.6.app/Contents/Resources/NetBeans/netbeans/java/modules/ext/jaxws22/gmbal-api-only.jar:/Applications/NetBeans/Apache NetBeans 12.6.app/Contents/Resources/NetBeans/netbeans/java/modules/ext/jaxws22/ha-api.jar:/Applications/NetBeans/Apache NetBeans 12.6.app/Contents/Resources/NetBeans/netbeans/java/modules/ext/jaxws22/javax.mail_1.4.jar:/Applications/NetBeans/Apache NetBeans 12.6.app/Contents/Resources/NetBeans/netbeans/java/modules/ext/jaxws22/jaxws-rt.jar:/Applications/NetBeans/Apache NetBeans 12.6.app/Contents/Resources/NetBeans/netbeans/java/modules/ext/jaxws22/jaxws-tools.jar:/Applications/NetBeans/Apache NetBeans 12.6.app/Contents/Resources/NetBeans/netbeans/java/modules/ext/jaxws22/management-api.jar:/Applications/NetBeans/Apache NetBeans 12.6.app/Contents/Resources/NetBeans/netbeans/java/modules/ext/jaxws22/mimepull.jar:/Applications/NetBeans/Apache NetBeans 12.6.app/Contents/Resources/NetBeans/netbeans/java/modules/ext/jaxws22/policy.jar:/Applications/NetBeans/Apache NetBeans 12.6.app/Contents/Resources/NetBeans/netbeans/java/modules/ext/jaxws22/saaj-impl.jar:/Applications/NetBeans/Apache NetBeans 12.6.app/Contents/Resources/NetBeans/netbeans/java/modules/ext/jaxws22/stax-ex.jar:/Applications/NetBeans/Apache NetBeans 12.6.app/Contents/Resources/NetBeans/netbeans/java/modules/ext/jaxws22/stax2-api.jar:/Applications/NetBeans/Apache NetBeans 12.6.app/Contents/Resources/NetBeans/netbeans/java/modules/ext/jaxws22/streambuffer.jar:/Applications/NetBeans/Apache NetBeans 12.6.app/Contents/Resources/NetBeans/netbeans/java/modules/ext/jaxws22/woodstox-core-asl.jar:/Applications/NetBeans/Apache NetBeans 12.6.app/Contents/Resources/NetBeans/netbeans/java/modules/ext/jaxws22/api/jaxws-api.jar:/Applications/NetBeans/Apache NetBeans 12.6.app/Contents/Resources/NetBeans/netbeans/java/modules/ext/jaxws22/api/jsr181-api.jar:/Applications/NetBeans/Apache NetBeans 12.6.app/Contents/Resources/NetBeans/netbeans/java/modules/ext/jaxws22/api/javax.annotation.jar:/Applications/NetBeans/Apache NetBeans 12.6.app/Contents/Resources/NetBeans/netbeans/java/modules/ext/jaxws22/api/saaj-api.jar:/Applications/NetBeans/Apache NetBeans 12.6.app/Contents/Resources/NetBeans/netbeans/ide/modules/ext/jaxb/activation.jar:/Applications/NetBeans/Apache NetBeans 12.6.app/Contents/Resources/NetBeans/netbeans/ide/modules/ext/jaxb/api/jaxb-api.jar" />
    <property name="libs.restapi.classpath" value="/Applications/NetBeans/Apache NetBeans 12.6.app/Contents/Resources/NetBeans/netbeans/enterprise/modules/ext/jaxrs-2.1/jakarta.ws.rs-api-2.1.6.jar" />
    <property name="os.arch" value="aarch64" />
    <property name="build.generated.dir" value="build/generated" />
    <property name="libs.groovy-all.javadoc" value="" />
    <property name="file.reference.junit-4.13.2.jar" value="lib/junit-4.13.2.jar" />
    <property name="libs.jakartaee-api-8.0.classpath" value="/Applications/NetBeans/Apache NetBeans 12.6.app/Contents/Resources/NetBeans/netbeans/enterprise/modules/ext/jakarta.jakartaee-api-8.0.0.jar" />
    <property name="libs.javaee-web-api-7.0.javadoc" value="/Applications/NetBeans/Apache NetBeans 12.6.app/Contents/Resources/NetBeans/netbeans/enterprise/docs/javaee-doc-api.jar" />
    <property name="libs.javaee-endorsed-api-6.0.src" value="" />
    <property name="libs.jsf12.maven-pom" value="" />
    <property name="libs.javaee-endorsed-api-7.0.classpath" value="/Applications/NetBeans/Apache NetBeans 12.6.app/Contents/Resources/NetBeans/netbeans/enterprise/modules/ext/javaee7-endorsed/javax.annotation-api.jar:/Applications/NetBeans/Apache NetBeans 12.6.app/Contents/Resources/NetBeans/netbeans/enterprise/modules/ext/javaee7-endorsed/javax.xml.soap-api.jar:/Applications/NetBeans/Apache NetBeans 12.6.app/Contents/Resources/NetBeans/netbeans/enterprise/modules/ext/javaee7-endorsed/jaxb-api-osgi.jar:/Applications/NetBeans/Apache NetBeans 12.6.app/Contents/Resources/NetBeans/netbeans/enterprise/modules/ext/javaee7-endorsed/jaxws-api.jar:/Applications/NetBeans/Apache NetBeans 12.6.app/Contents/Resources/NetBeans/netbeans/enterprise/modules/ext/javaee7-endorsed/jsr181-api.jar" />
    <property name="org.netbeans.io.suspend" value="0" />
    <property name="libs.primefaces.maven-pom" value="" />
    <property name="ant.project.name" value="rpl2-di" />
    <property name="dist.javadoc.dir" value="dist/javadoc" />
    <property name="default.javac.target" value="17" />
    <property name="javac.fork" value="true" />
    <property name="libs.eclipselink.classpath" value="/Applications/NetBeans/Apache NetBeans 12.6.app/Contents/Resources/NetBeans/netbeans/java/modules/ext/eclipselink/org.eclipse.persistence.core-2.7.9.jar:/Applications/NetBeans/Apache NetBeans 12.6.app/Contents/Resources/NetBeans/netbeans/java/modules/ext/eclipselink/org.eclipse.persistence.asm-9.1.0.jar:/Applications/NetBeans/Apache NetBeans 12.6.app/Contents/Resources/NetBeans/netbeans/java/modules/ext/eclipselink/org.eclipse.persistence.antlr-2.7.9.jar:/Applications/NetBeans/Apache NetBeans 12.6.app/Contents/Resources/NetBeans/netbeans/java/modules/ext/eclipselink/org.eclipse.persistence.jpa-2.7.9.jar:/Applications/NetBeans/Apache NetBeans 12.6.app/Contents/Resources/NetBeans/netbeans/java/modules/ext/eclipselink/org.eclipse.persistence.jpa.jpql-2.7.9.jar:/Applications/NetBeans/Apache NetBeans 12.6.app/Contents/Resources/NetBeans/netbeans/java/modules/ext/eclipselink/org.eclipse.persistence.moxy-2.7.9.jar:/Applications/NetBeans/Apache NetBeans 12.6.app/Contents/Resources/NetBeans/netbeans/java/modules/ext/eclipselink/javax.persistence-2.2.1.jar" />
    <property name="libs.jpa2-persistence.displayName" value="Persistence JPA2.1" />
    <property name="libs.struts.classpath" value="/Applications/NetBeans/Apache NetBeans 12.6.app/Contents/Resources/NetBeans/netbeans/enterprise/modules/ext/struts/antlr-2.7.2.jar:/Applications/NetBeans/Apache NetBeans 12.6.app/Contents/Resources/NetBeans/netbeans/enterprise/modules/ext/struts/bsf-2.3.0.jar:/Applications/NetBeans/Apache NetBeans 12.6.app/Contents/Resources/NetBeans/netbeans/enterprise/modules/ext/struts/commons-beanutils-1.8.0.jar:/Applications/NetBeans/Apache NetBeans 12.6.app/Contents/Resources/NetBeans/netbeans/enterprise/modules/ext/struts/commons-chain-1.2.jar:/Applications/NetBeans/Apache NetBeans 12.6.app/Contents/Resources/NetBeans/netbeans/enterprise/modules/ext/struts/commons-digester-1.8.jar:/Applications/NetBeans/Apache NetBeans 12.6.app/Contents/Resources/NetBeans/netbeans/enterprise/modules/ext/struts/commons-fileupload-1.1.1.jar:/Applications/NetBeans/Apache NetBeans 12.6.app/Contents/Resources/NetBeans/netbeans/enterprise/modules/ext/struts/commons-io-1.1.jar:/Applications/NetBeans/Apache NetBeans 12.6.app/Contents/Resources/NetBeans/netbeans/enterprise/modules/ext/struts/commons-logging-1.0.4.jar:/Applications/NetBeans/Apache NetBeans 12.6.app/Contents/Resources/NetBeans/netbeans/enterprise/modules/ext/struts/commons-validator-1.3.1.jar:/Applications/NetBeans/Apache NetBeans 12.6.app/Contents/Resources/NetBeans/netbeans/enterprise/modules/ext/struts/jstl-1.0.2.jar:/Applications/NetBeans/Apache NetBeans 12.6.app/Contents/Resources/NetBeans/netbeans/enterprise/modules/ext/struts/oro-2.0.8.jar:/Applications/NetBeans/Apache NetBeans 12.6.app/Contents/Resources/NetBeans/netbeans/enterprise/modules/ext/struts/standard-1.0.6.jar:/Applications/NetBeans/Apache NetBeans 12.6.app/Contents/Resources/NetBeans/netbeans/enterprise/modules/ext/struts/struts-core-1.3.10.jar:/Applications/NetBeans/Apache NetBeans 12.6.app/Contents/Resources/NetBeans/netbeans/enterprise/modules/ext/struts/struts-el-1.3.10.jar:/Applications/NetBeans/Apache NetBeans 12.6.app/Contents/Resources/NetBeans/netbeans/enterprise/modules/ext/struts/struts-extras-1.3.10.jar:/Applications/NetBeans/Apache NetBeans 12.6.app/Contents/Resources/NetBeans/netbeans/enterprise/modules/ext/struts/struts-faces-1.3.10.jar:/Applications/NetBeans/Apache NetBeans 12.6.app/Contents/Resources/NetBeans/netbeans/enterprise/modules/ext/struts/struts-mailreader-dao-1.3.10.jar:/Applications/NetBeans/Apache NetBeans 12.6.app/Contents/Resources/NetBeans/netbeans/enterprise/modules/ext/struts/struts-scripting-1.3.10.jar:/Applications/NetBeans/Apache NetBeans 12.6.app/Contents/Resources/NetBeans/netbeans/enterprise/modules/ext/struts/struts-taglib-1.3.10.jar:/Applications/NetBeans/Apache NetBeans 12.6.app/Contents/Resources/NetBeans/netbeans/enterprise/modules/ext/struts/struts-tiles-1.3.10.jar" />
    <property name="libs.MySQLDriver.displayName" value="MySQL JDBC Driver" />
    <property name="libs.PostgreSQLDriver.maven-pom" value="" />
    <property name="libs.hamcrest.prop-maven-dependencies" value="org.hamcrest:hamcrest-core:1.3:jar" />
    <property name="libs.absolutelayout.src" value="" />
    <property name="testng.mode" value="testng" />
    <property name="annotation.processing.enabled.in.editor" value="false" />
    <property name="java.vm.compressedOopsMode" value="Zero based" />
    <property name="netbeans.productversion" value="Apache NetBeans IDE 12.6" />
    <property name="mkdist.disabled" value="false" />
    <property name="libs.javaee-web-api-6.0.javadoc" value="/Applications/NetBeans/Apache NetBeans 12.6.app/Contents/Resources/NetBeans/netbeans/enterprise/docs/javaee-doc-api.jar" />
    <property name="libs.javaee-api-7.0.maven-pom" value="" />
    <property name="libs.groovy-all.classpath" value="/Applications/NetBeans/Apache NetBeans 12.6.app/Contents/Resources/NetBeans/netbeans/groovy/modules/ext/groovy-3.0.8.jar:/Applications/NetBeans/Apache NetBeans 12.6.app/Contents/Resources/NetBeans/netbeans/groovy/modules/ext/groovy-ant-3.0.8.jar" />
    <property name="libs.absolutelayout.javadoc" value="" />
    <property name="annotation.processing.processor.options" value="" />
    <property name="libs.jaxb.maven-pom" value="" />
    <property name="libs.javaee-api-6.0.maven-pom" value="" />
    <property name="dist.dir" value="dist" />
    <property name="build.dir" value="build" />
    <property name="ant.file.rpl2-di-impl" value="/Users/adrianfaisal/NetBeansProjects/rpl2-di/nbproject/build-impl.xml" />
    <property name="libs.graaljs.maven-pom" value="" />
    <property name="netbeans.autoupdate.variant" value="" />
    <property name="javadoc.version" value="false" />
    <property name="libs.metro.classpath" value="/Applications/NetBeans/Apache NetBeans 12.6.app/Contents/Resources/NetBeans/netbeans/ide/modules/ext/jaxb/activation.jar:/Applications/NetBeans/Apache NetBeans 12.6.app/Contents/Resources/NetBeans/netbeans/enterprise/modules/ext/metro/webservices-api.jar:/Applications/NetBeans/Apache NetBeans 12.6.app/Contents/Resources/NetBeans/netbeans/enterprise/modules/ext/metro/webservices-extra-api.jar:/Applications/NetBeans/Apache NetBeans 12.6.app/Contents/Resources/NetBeans/netbeans/enterprise/modules/ext/metro/webservices-extra.jar:/Applications/NetBeans/Apache NetBeans 12.6.app/Contents/Resources/NetBeans/netbeans/enterprise/modules/ext/metro/webservices-rt.jar:/Applications/NetBeans/Apache NetBeans 12.6.app/Contents/Resources/NetBeans/netbeans/enterprise/modules/ext/metro/webservices-tools.jar" />
    <property name="libs.metro.src" value="" />
    <property name="libs.CopyLibs.classpath" value="/Users/adrianfaisal/NetBeansProjects/rpl2-di/lib/CopyLibs/org-netbeans-modules-java-j2seproject-copylibstask.jar" />
    <property name="javac.test.processorpath" value="/Users/adrianfaisal/NetBeansProjects/rpl2-di/lib/spring-framework400/org-apache-commons-logging.jar;/Users/adrianfaisal/NetBeansProjects/rpl2-di/lib/spring-framework400/cglib-2.2.jar;/Users/adrianfaisal/NetBeansProjects/rpl2-di/lib/spring-framework400/spring-aop-4.0.1.RELEASE.jar;/Users/adrianfaisal/NetBeansProjects/rpl2-di/lib/spring-framework400/spring-aspects-4.0.1.RELEASE.jar;/Users/adrianfaisal/NetBeansProjects/rpl2-di/lib/spring-framework400/spring-beans-4.0.1.RELEASE.jar;/Users/adrianfaisal/NetBeansProjects/rpl2-di/lib/spring-framework400/spring-build-src-4.0.1.RELEASE.jar;/Users/adrianfaisal/NetBeansProjects/rpl2-di/lib/spring-framework400/spring-context-4.0.1.RELEASE.jar;/Users/adrianfaisal/NetBeansProjects/rpl2-di/lib/spring-framework400/spring-context-support-4.0.1.RELEASE.jar;/Users/adrianfaisal/NetBeansProjects/rpl2-di/lib/spring-framework400/spring-core-4.0.1.RELEASE.jar;/Users/adrianfaisal/NetBeansProjects/rpl2-di/lib/spring-framework400/spring-expression-4.0.1.RELEASE.jar;/Users/adrianfaisal/NetBeansProjects/rpl2-di/lib/spring-framework400/spring-framework-bom-4.0.1.RELEASE.jar;/Users/adrianfaisal/NetBeansProjects/rpl2-di/lib/spring-framework400/spring-instrument-4.0.1.RELEASE.jar;/Users/adrianfaisal/NetBeansProjects/rpl2-di/lib/spring-framework400/spring-instrument-tomcat-4.0.1.RELEASE.jar;/Users/adrianfaisal/NetBeansProjects/rpl2-di/lib/spring-framework400/spring-jdbc-4.0.1.RELEASE.jar;/Users/adrianfaisal/NetBeansProjects/rpl2-di/lib/spring-framework400/spring-jms-4.0.1.RELEASE.jar;/Users/adrianfaisal/NetBeansProjects/rpl2-di/lib/spring-framework400/spring-messaging-4.0.1.RELEASE.jar;/Users/adrianfaisal/NetBeansProjects/rpl2-di/lib/spring-framework400/spring-orm-4.0.1.RELEASE.jar;/Users/adrianfaisal/NetBeansProjects/rpl2-di/lib/spring-framework400/spring-oxm-4.0.1.RELEASE.jar;/Users/adrianfaisal/NetBeansProjects/rpl2-di/lib/spring-framework400/spring-test-4.0.1.RELEASE.jar;/Users/adrianfaisal/NetBeansProjects/rpl2-di/lib/spring-framework400/spring-tx-4.0.1.RELEASE.jar;/Users/adrianfaisal/NetBeansProjects/rpl2-di/lib/spring-framework400/spring-web-4.0.1.RELEASE.jar;/Users/adrianfaisal/NetBeansProjects/rpl2-di/lib/spring-framework400/spring-webmvc-4.0.1.RELEASE.jar;/Users/adrianfaisal/NetBeansProjects/rpl2-di/lib/spring-framework400/spring-webmvc-portlet-4.0.1.RELEASE.jar;/Users/adrianfaisal/NetBeansProjects/rpl2-di/lib/spring-framework400/spring-websocket-4.0.1.RELEASE.jar:/Users/adrianfaisal/NetBeansProjects/rpl2-di/lib/jpa2-persistence/hibernate-jpa-2.1-api-1.0.0.Final.jar:/Users/adrianfaisal/NetBeansProjects/rpl2-di/lib/hibernate4-support/antlr-2.7.7.jar;/Users/adrianfaisal/NetBeansProjects/rpl2-di/lib/hibernate4-support/c3p0-0.9.2.1.jar;/Users/adrianfaisal/NetBeansProjects/rpl2-di/lib/hibernate4-support/hibernate-c3p0-4.3.1.Final.jar;/Users/adrianfaisal/NetBeansProjects/rpl2-di/lib/hibernate4-support/mchange-commons-java-0.2.3.4.jar;/Users/adrianfaisal/NetBeansProjects/rpl2-di/lib/hibernate4-support/dom4j-1.6.1.jar;/Users/adrianfaisal/NetBeansProjects/rpl2-di/lib/hibernate4-support/ehcache-core-2.4.3.jar;/Users/adrianfaisal/NetBeansProjects/rpl2-di/lib/hibernate4-support/hibernate-ehcache-4.3.1.Final.jar;/Users/adrianfaisal/NetBeansProjects/rpl2-di/lib/hibernate4-support/hibernate-core-4.3.1.Final.jar;/Users/adrianfaisal/NetBeansProjects/rpl2-di/lib/hibernate4-support/jboss-logging-3.1.3.GA.jar;/Users/adrianfaisal/NetBeansProjects/rpl2-di/lib/hibernate4-support/hibernate-commons-annotations-4.0.4.Final.jar;/Users/adrianfaisal/NetBeansProjects/rpl2-di/lib/hibernate4-support/hibernate-entitymanager-4.3.1.Final.jar;/Users/adrianfaisal/NetBeansProjects/rpl2-di/lib/hibernate4-support/javassist-3.18.1-GA.jar;/Users/adrianfaisal/NetBeansProjects/rpl2-di/lib/hibernate4-support/jboss-transaction-api_1.2_spec-1.0.0.Final.jar;/Users/adrianfaisal/NetBeansProjects/rpl2-di/lib/hibernate4-support/slf4j-api-1.6.1.jar;/Users/adrianfaisal/NetBeansProjects/rpl2-di/lib/hibernate4-support/slf4j-simple-1.6.1.jar:lib/mysql-connector-java-5.1.23-bin.jar:lib/aopalliance-1.0.jar:lib/junit-4.13.2.jar:lib/hamcrest-core-1.3.jar:/Users/adrianfaisal/NetBeansProjects/rpl2-di/lib/MySQLDriver/mysql-connector-java-5.1.23-bin.jar:build/classes" />
    <property name="libs.javaee-web-api-7.0.maven-pom" value="" />
    <property name="libs.javaee-web-api-8.0.maven-pom" value="" />
    <property name="netbeans.dirs" value="/Applications/NetBeans/Apache NetBeans 12.6.app/Contents/Resources/NetBeans/netbeans/nb:/Applications/NetBeans/Apache NetBeans 12.6.app/Contents/Resources/NetBeans/netbeans/ergonomics:/Applications/NetBeans/Apache NetBeans 12.6.app/Contents/Resources/NetBeans/netbeans/ide:/Applications/NetBeans/Apache NetBeans 12.6.app/Contents/Resources/NetBeans/netbeans/extide:/Applications/NetBeans/Apache NetBeans 12.6.app/Contents/Resources/NetBeans/netbeans/java:/Applications/NetBeans/Apache NetBeans 12.6.app/Contents/Resources/NetBeans/netbeans/apisupport:/Applications/NetBeans/Apache NetBeans 12.6.app/Contents/Resources/NetBeans/netbeans/webcommon:/Applications/NetBeans/Apache NetBeans 12.6.app/Contents/Resources/NetBeans/netbeans/websvccommon:/Applications/NetBeans/Apache NetBeans 12.6.app/Contents/Resources/NetBeans/netbeans/enterprise:/Applications/NetBeans/Apache NetBeans 12.6.app/Contents/Resources/NetBeans/netbeans/mobility:/Applications/NetBeans/Apache NetBeans 12.6.app/Contents/Resources/NetBeans/netbeans/profiler:/Applications/NetBeans/Apache NetBeans 12.6.app/Contents/Resources/NetBeans/netbeans/python:/Applications/NetBeans/Apache NetBeans 12.6.app/Contents/Resources/NetBeans/netbeans/php:/Applications/NetBeans/Apache NetBeans 12.6.app/Contents/Resources/NetBeans/netbeans/identity:/Applications/NetBeans/Apache NetBeans 12.6.app/Contents/Resources/NetBeans/netbeans/harness:/Applications/NetBeans/Apache NetBeans 12.6.app/Contents/Resources/NetBeans/netbeans/cnd:/Applications/NetBeans/Apache NetBeans 12.6.app/Contents/Resources/NetBeans/netbeans/cndext:/Applications/NetBeans/Apache NetBeans 12.6.app/Contents/Resources/NetBeans/netbeans/cpplite:/Applications/NetBeans/Apache NetBeans 12.6.app/Contents/Resources/NetBeans/netbeans/dlight:/Applications/NetBeans/Apache NetBeans 12.6.app/Contents/Resources/NetBeans/netbeans/groovy:/Applications/NetBeans/Apache NetBeans 12.6.app/Contents/Resources/NetBeans/netbeans/extra:/Applications/NetBeans/Apache NetBeans 12.6.app/Contents/Resources/NetBeans/netbeans/javacard:/Applications/NetBeans/Apache NetBeans 12.6.app/Contents/Resources/NetBeans/netbeans/javafx:" />
    <property name="socksNonProxyHosts" value="local|*.local|169.254/16|*.169.254/16" />
    <property name="libraries.dir.nativedirsep" value="/Users/adrianfaisal/NetBeansProjects/rpl2-di/lib" />
    <property name="libs.hamcrest.maven-pom" value="" />
    <property name="javac.processorpath" value="/Users/adrianfaisal/NetBeansProjects/rpl2-di/lib/spring-framework400/org-apache-commons-logging.jar;/Users/adrianfaisal/NetBeansProjects/rpl2-di/lib/spring-framework400/cglib-2.2.jar;/Users/adrianfaisal/NetBeansProjects/rpl2-di/lib/spring-framework400/spring-aop-4.0.1.RELEASE.jar;/Users/adrianfaisal/NetBeansProjects/rpl2-di/lib/spring-framework400/spring-aspects-4.0.1.RELEASE.jar;/Users/adrianfaisal/NetBeansProjects/rpl2-di/lib/spring-framework400/spring-beans-4.0.1.RELEASE.jar;/Users/adrianfaisal/NetBeansProjects/rpl2-di/lib/spring-framework400/spring-build-src-4.0.1.RELEASE.jar;/Users/adrianfaisal/NetBeansProjects/rpl2-di/lib/spring-framework400/spring-context-4.0.1.RELEASE.jar;/Users/adrianfaisal/NetBeansProjects/rpl2-di/lib/spring-framework400/spring-context-support-4.0.1.RELEASE.jar;/Users/adrianfaisal/NetBeansProjects/rpl2-di/lib/spring-framework400/spring-core-4.0.1.RELEASE.jar;/Users/adrianfaisal/NetBeansProjects/rpl2-di/lib/spring-framework400/spring-expression-4.0.1.RELEASE.jar;/Users/adrianfaisal/NetBeansProjects/rpl2-di/lib/spring-framework400/spring-framework-bom-4.0.1.RELEASE.jar;/Users/adrianfaisal/NetBeansProjects/rpl2-di/lib/spring-framework400/spring-instrument-4.0.1.RELEASE.jar;/Users/adrianfaisal/NetBeansProjects/rpl2-di/lib/spring-framework400/spring-instrument-tomcat-4.0.1.RELEASE.jar;/Users/adrianfaisal/NetBeansProjects/rpl2-di/lib/spring-framework400/spring-jdbc-4.0.1.RELEASE.jar;/Users/adrianfaisal/NetBeansProjects/rpl2-di/lib/spring-framework400/spring-jms-4.0.1.RELEASE.jar;/Users/adrianfaisal/NetBeansProjects/rpl2-di/lib/spring-framework400/spring-messaging-4.0.1.RELEASE.jar;/Users/adrianfaisal/NetBeansProjects/rpl2-di/lib/spring-framework400/spring-orm-4.0.1.RELEASE.jar;/Users/adrianfaisal/NetBeansProjects/rpl2-di/lib/spring-framework400/spring-oxm-4.0.1.RELEASE.jar;/Users/adrianfaisal/NetBeansProjects/rpl2-di/lib/spring-framework400/spring-test-4.0.1.RELEASE.jar;/Users/adrianfaisal/NetBeansProjects/rpl2-di/lib/spring-framework400/spring-tx-4.0.1.RELEASE.jar;/Users/adrianfaisal/NetBeansProjects/rpl2-di/lib/spring-framework400/spring-web-4.0.1.RELEASE.jar;/Users/adrianfaisal/NetBeansProjects/rpl2-di/lib/spring-framework400/spring-webmvc-4.0.1.RELEASE.jar;/Users/adrianfaisal/NetBeansProjects/rpl2-di/lib/spring-framework400/spring-webmvc-portlet-4.0.1.RELEASE.jar;/Users/adrianfaisal/NetBeansProjects/rpl2-di/lib/spring-framework400/spring-websocket-4.0.1.RELEASE.jar:/Users/adrianfaisal/NetBeansProjects/rpl2-di/lib/jpa2-persistence/hibernate-jpa-2.1-api-1.0.0.Final.jar:/Users/adrianfaisal/NetBeansProjects/rpl2-di/lib/hibernate4-support/antlr-2.7.7.jar;/Users/adrianfaisal/NetBeansProjects/rpl2-di/lib/hibernate4-support/c3p0-0.9.2.1.jar;/Users/adrianfaisal/NetBeansProjects/rpl2-di/lib/hibernate4-support/hibernate-c3p0-4.3.1.Final.jar;/Users/adrianfaisal/NetBeansProjects/rpl2-di/lib/hibernate4-support/mchange-commons-java-0.2.3.4.jar;/Users/adrianfaisal/NetBeansProjects/rpl2-di/lib/hibernate4-support/dom4j-1.6.1.jar;/Users/adrianfaisal/NetBeansProjects/rpl2-di/lib/hibernate4-support/ehcache-core-2.4.3.jar;/Users/adrianfaisal/NetBeansProjects/rpl2-di/lib/hibernate4-support/hibernate-ehcache-4.3.1.Final.jar;/Users/adrianfaisal/NetBeansProjects/rpl2-di/lib/hibernate4-support/hibernate-core-4.3.1.Final.jar;/Users/adrianfaisal/NetBeansProjects/rpl2-di/lib/hibernate4-support/jboss-logging-3.1.3.GA.jar;/Users/adrianfaisal/NetBeansProjects/rpl2-di/lib/hibernate4-support/hibernate-commons-annotations-4.0.4.Final.jar;/Users/adrianfaisal/NetBeansProjects/rpl2-di/lib/hibernate4-support/hibernate-entitymanager-4.3.1.Final.jar;/Users/adrianfaisal/NetBeansProjects/rpl2-di/lib/hibernate4-support/javassist-3.18.1-GA.jar;/Users/adrianfaisal/NetBeansProjects/rpl2-di/lib/hibernate4-support/jboss-transaction-api_1.2_spec-1.0.0.Final.jar;/Users/adrianfaisal/NetBeansProjects/rpl2-di/lib/hibernate4-support/slf4j-api-1.6.1.jar;/Users/adrianfaisal/NetBeansProjects/rpl2-di/lib/hibernate4-support/slf4j-simple-1.6.1.jar:lib/mysql-connector-java-5.1.23-bin.jar:lib/aopalliance-1.0.jar:lib/junit-4.13.2.jar:lib/hamcrest-core-1.3.jar:/Users/adrianfaisal/NetBeansProjects/rpl2-di/lib/MySQLDriver/mysql-connector-java-5.1.23-bin.jar" />
    <property name="libs.javaee-api-6.0.javadoc" value="/Applications/NetBeans/Apache NetBeans 12.6.app/Contents/Resources/NetBeans/netbeans/enterprise/docs/javaee-doc-api.jar" />
    <property name="libs.JWSAntTasks.maven-pom" value="" />
    <property name="file.reference.mysql-connector-java-5.1.23-bin.jar" value="lib/mysql-connector-java-5.1.23-bin.jar" />
    <property name="run.modulepath" value="" />
    <property name="do.archive+manifest.available" value="true" />
    <property name="apple.laf.useScreenMenuBar" value="true" />
    <property name="sun.java.launcher" value="SUN_STANDARD" />
    <property name="user.country" value="GB" />
    <property name="libs.jakartaee-api-9.0.maven-pom" value="" />
    <property name="libs.jpa20-persistence.src" value="" />
    <property name="libs.restapi.javadoc" value="" />
    <property name="javac.test.sourcepath" value="/Users/adrianfaisal/NetBeansProjects/rpl2-di/build/empty" />
    <property name="libs.spring-webmvc3.0.maven-pom" value="" />
    <property name="includes" value="**" />
    <property name="file.reference.hamcrest-core-1.3.jar" value="lib/hamcrest-core-1.3.jar" />
    <property name="libs.jsf12.javadoc" value="/Applications/NetBeans/Apache NetBeans 12.6.app/Contents/Resources/NetBeans/netbeans/enterprise/docs/javaee-doc-api.jar" />
    <property name="libs.hamcrest.classpath" value="/Users/adrianfaisal/NetBeansProjects/rpl2-di/lib/hamcrest/hamcrest-core-1.3.jar" />
    <property name="javadoc.splitindex" value="true" />
    <property name="libs.JWSAntTasks.classpath" value="/Applications/NetBeans/Apache NetBeans 12.6.app/Contents/Resources/NetBeans/netbeans/java/ant/extra/org-netbeans-modules-javawebstart-anttasks.jar" />
    <property name="junit.available" value="true" />
    <property name="javac.processormodulepath" value="" />
    <property name="libs.hibernate4-support.javadoc" value="/Users/adrianfaisal/NetBeansProjects/rpl2-di/lib/hibernate4-support/javax.persistence-2.1.0-doc.zip" />
    <property name="javadoc.encoding" value="UTF-8" />
    <property name="netbeans.hash.code" value="unique=NB_JAVA_WEBEE_WEBCOMMON_PHP052e669ce-9a61-4de7-8656-fab4f6ea312c_dbffa885-ffda-4aef-8f76-e855cfb4d5e8" />
    <property name="libs.jsp-compilation-syscp.maven-pom" value="" />
    <property name="libs.jstl.src" value="" />
    <property name="libs.spring-webmvc3.0.classpath" value="/Applications/NetBeans/Apache NetBeans 12.6.app/Contents/Resources/NetBeans/netbeans/java/modules/ext/spring-3.0/spring-webmvc-3.2.18.RELEASE.jar" />
    <property name="java.runtime.name" value="OpenJDK Runtime Environment" />
    <property name="manifest.available" value="true" />
    <property name="libs.jaxb.javadoc" value="/Applications/NetBeans/Apache NetBeans 12.6.app/Contents/Resources/NetBeans/netbeans/ide/docs/jaxb-api-doc.jar" />
    <property name="libs.spring-framework500.maven-pom" value="" />
    <property name="run.jvmargs.ide" value="" />
    <property name="ant.core.lib" value="/Applications/NetBeans/Apache NetBeans 12.6.app/Contents/Resources/NetBeans/netbeans/extide/ant/lib/ant.jar" />
    <property name="libs.jsp-compilation.maven-pom" value="" />
    <property name="javac.profile.cmd.line.arg" value="" />
    <property name="libs.jakartaee-api-9.0.classpath" value="/Applications/NetBeans/Apache NetBeans 12.6.app/Contents/Resources/NetBeans/netbeans/enterprise/modules/ext/jakarta.jakartaee-api-9.0.0.jar" />
    <property name="libs.spring-framework400.displayName" value="Spring Framework 4.0.1" />
    <property name="do.archive+main.class.available" value="true" />
    <property name="javac.test.modulepath" value="" />
    <property name="libs.PostgreSQLDriver.javadoc" value="" />
    <property name="libs.jsp-compilation-syscp.classpath" value="/Applications/NetBeans/Apache NetBeans 12.6.app/Contents/Resources/NetBeans/netbeans/extide/ant/lib/ant.jar:/Applications/NetBeans/Apache NetBeans 12.6.app/Contents/Resources/NetBeans/netbeans/enterprise/modules/ext/servlet3.1-jsp2.3-api.jar:/Applications/NetBeans/Apache NetBeans 12.6.app/Contents/Resources/NetBeans/netbeans/enterprise/modules/ext/glassfish-jspparser-4.0.jar:/Applications/NetBeans/Apache NetBeans 12.6.app/Contents/Resources/NetBeans/netbeans/enterprise/modules/ext/jstl-impl.jar:/Applications/NetBeans/Apache NetBeans 12.6.app/Contents/Resources/NetBeans/netbeans/enterprise/modules/ext/jsf-2_2/javax.faces.jar" />
    <property name="libs.jsp-compilation.classpath" value="/Applications/NetBeans/Apache NetBeans 12.6.app/Contents/Resources/NetBeans/netbeans/extide/ant/lib/ant.jar:/Applications/NetBeans/Apache NetBeans 12.6.app/Contents/Resources/NetBeans/netbeans/enterprise/modules/ext/servlet3.1-jsp2.3-api.jar:/Applications/NetBeans/Apache NetBeans 12.6.app/Contents/Resources/NetBeans/netbeans/enterprise/modules/ext/glassfish-jspparser-4.0.jar:/Applications/NetBeans/Apache NetBeans 12.6.app/Contents/Resources/NetBeans/netbeans/enterprise/modules/ext/jsf-2_2/javax.faces.jar:/Applications/NetBeans/Apache NetBeans 12.6.app/Contents/Resources/NetBeans/netbeans/enterprise/modules/ext/jstl-api.jar:/Applications/NetBeans/Apache NetBeans 12.6.app/Contents/Resources/NetBeans/netbeans/extide/ant/lib/ant-launcher.jar" />
    <property name="libs.javaee-api-6.0.classpath" value="/Applications/NetBeans/Apache NetBeans 12.6.app/Contents/Resources/NetBeans/netbeans/enterprise/modules/ext/javaee-api-6.0.jar" />
    <property name="javac.includesfile.binary" value="/Users/adrianfaisal/NetBeansProjects/rpl2-di/null1800619716" />
    <property name="libs.javaee-api-7.0.classpath" value="/Applications/NetBeans/Apache NetBeans 12.6.app/Contents/Resources/NetBeans/netbeans/enterprise/modules/ext/javaee-api-7.0.jar" />
    <property name="libs.restapi.maven-pom" value="" />
    <property name="javadoc.preview" value="true" />
    <property name="do.depend" value="false" />
    <property name="sun.arch.data.model" value="64" />
    <property name="libs.jakartaee-web-api-9.0.maven-pom" value="" />
    <property name="nb.show.statistics.ui" value="usageStatisticsEnabled" />
    <property name="libs.javaee-endorsed-api-7.0.src" value="" />
    <property name="sun.font.fontmanager" value="sun.font.CFontManager" />
    <property name="annotation.processing.enabled" value="true" />
    <property name="libs.junit_5.src" value="/Applications/NetBeans/Apache NetBeans 12.6.app/Contents/Resources/NetBeans/netbeans/platform/docs/junit-jupiter-api-5.6.0-sources.jar:/Applications/NetBeans/Apache NetBeans 12.6.app/Contents/Resources/NetBeans/netbeans/platform/docs/junit-jupiter-params-5.6.0-sources.jar:/Applications/NetBeans/Apache NetBeans 12.6.app/Contents/Resources/NetBeans/netbeans/platform/docs/junit-jupiter-engine-5.6.0-sources.jar" />
    <property name="libs.jaxb.classpath" value="/Applications/NetBeans/Apache NetBeans 12.6.app/Contents/Resources/NetBeans/netbeans/ide/modules/ext/jaxb/jaxb-impl.jar:/Applications/NetBeans/Apache NetBeans 12.6.app/Contents/Resources/NetBeans/netbeans/ide/modules/ext/jaxb/jaxb-xjc.jar:/Applications/NetBeans/Apache NetBeans 12.6.app/Contents/Resources/NetBeans/netbeans/ide/modules/ext/jaxb/activation.jar:/Applications/NetBeans/Apache NetBeans 12.6.app/Contents/Resources/NetBeans/netbeans/ide/modules/ext/jaxb/api/jaxb-api.jar" />
    <property name="libs.javaee-api-8.0.classpath" value="/Applications/NetBeans/Apache NetBeans 12.6.app/Contents/Resources/NetBeans/netbeans/enterprise/modules/ext/javaee-api-8.0.jar" />
    <property name="libs.CopyLibs.src" value="" />
    <property name="java.specification.vendor" value="Oracle Corporation" />
    <property name="javac.source" value="1.8" />
    <property name="java.version.date" value="2022-01-18" />
    <property name="java.home" value="/opt/homebrew/Cellar/openjdk/17.0.2/libexec/openjdk.jdk/Contents/Home" />
    <property name="libs.CopyLibs.prop-version" value="3.0" />
    <property name="work.dir" value="/Users/adrianfaisal/NetBeansProjects/rpl2-di" />
    <property name="jna.boot.library.name" value="jnidispatch-nb" />
    <property name="javac.test.compilerargs" value="" />
    <property name="libs.PostgreSQLDriver.classpath" value="/Applications/NetBeans/Apache NetBeans 12.6.app/Contents/Resources/NetBeans/netbeans/ide/modules/ext/postgresql-42.2.16.jar" />
    <property name="libs.graaljs.javadoc" value="" />
    <property name="libs.spring-webmvc3.0.javadoc" value="" />
    <property name="libs.JAXB-ENDORSED.src" value="" />
    <property name="manifest.encoding" value="UTF-8" />
    <property name="libs.spring-framework400.src" value="" />
    <property name="sun.management.compiler" value="HotSpot 64-Bit Tiered Compilers" />
    <property name="run.test.modulepath" value="" />
    <property name="libs.graaljs.classpath" value="/Applications/NetBeans/Apache NetBeans 12.6.app/Contents/Resources/NetBeans/netbeans/webcommon/modules/ext/js-20.3.0.jar:/Applications/NetBeans/Apache NetBeans 12.6.app/Contents/Resources/NetBeans/netbeans/webcommon/modules/ext/js-launcher-20.3.0.jar:/Applications/NetBeans/Apache NetBeans 12.6.app/Contents/Resources/NetBeans/netbeans/webcommon/modules/ext/regex-20.3.0.jar:/Applications/NetBeans/Apache NetBeans 12.6.app/Contents/Resources/NetBeans/netbeans/webcommon/modules/ext/icu4j-67.1.jar:/Applications/NetBeans/Apache NetBeans 12.6.app/Contents/Resources/NetBeans/netbeans/ide/modules/ext/graal-sdk-20.3.0.jar:/Applications/NetBeans/Apache NetBeans 12.6.app/Contents/Resources/NetBeans/netbeans/ide/modules/ext/launcher-common-20.3.0.jar:/Applications/NetBeans/Apache NetBeans 12.6.app/Contents/Resources/NetBeans/netbeans/ide/modules/ext/truffle-api-20.3.0.jar" />
    <property name="libs.javaee-web-api-6.0.classpath" value="/Applications/NetBeans/Apache NetBeans 12.6.app/Contents/Resources/NetBeans/netbeans/enterprise/modules/ext/javaee-web-api-6.0.jar" />
    <property name="libs.jsp-compiler.javadoc" value="" />
    <property name="debug.test.modulepath" value="" />
    <property name="libs.javaee-web-api-7.0.classpath" value="/Applications/NetBeans/Apache NetBeans 12.6.app/Contents/Resources/NetBeans/netbeans/enterprise/modules/ext/javaee-web-api-7.0.jar" />
    <property name="file.encoding" value="UTF-8" />
    <property name="java.util.logging.config.class" value="org.netbeans.core.startup.TopLogging" />
    <property name="https.nonProxyHosts" value="localhost|127.0.0.1|Adrians-MacBook-Air.local" />
    <property name="libs.restlib.javadoc" value="" />
    <property name="libs.absolutelayout.classpath" value="/Applications/NetBeans/Apache NetBeans 12.6.app/Contents/Resources/NetBeans/netbeans/java/modules/ext/AbsoluteLayout.jar" />
    <property name="do.archive" value="true" />
    <property name="libs.struts.maven-pom" value="" />
    <property name="built-jar.properties" value="/Users/adrianfaisal/NetBeansProjects/rpl2-di/build/built-jar.properties" />
    <property name="nb.native.filechooser" value="false" />
    <property name="ant.file.rpl2-di" value="/Users/adrianfaisal/NetBeansProjects/rpl2-di/build.xml" />
    <property name="libs.testng.src" value="" />
    <property name="libs.javaee-web-api-8.0.classpath" value="/Applications/NetBeans/Apache NetBeans 12.6.app/Contents/Resources/NetBeans/netbeans/enterprise/modules/ext/javaee-web-api-8.0.jar" />
    <property name="platform.active" value="default_platform" />
    <property name="manifest.file" value="manifest.mf" />
    <property name="sun.io.unicode.encoding" value="UnicodeBig" />
    <property name="libs.struts.javadoc" value="/Applications/NetBeans/Apache NetBeans 12.6.app/Contents/Resources/NetBeans/netbeans/enterprise/docs/struts-1.3.10-javadoc.zip" />
    <property name="default.javac.source" value="17" />
    <property name="netbeans.dynamic.classpath" value="/Applications/NetBeans/Apache NetBeans 12.6.app/Contents/Resources/NetBeans/netbeans/platform/core/asm-tree-9.2.jar:/Applications/NetBeans/Apache NetBeans 12.6.app/Contents/Resources/NetBeans/netbeans/platform/core/org-netbeans-libs-asm.jar:/Applications/NetBeans/Apache NetBeans 12.6.app/Contents/Resources/NetBeans/netbeans/platform/core/org-openide-filesystems-compat8.jar:/Applications/NetBeans/Apache NetBeans 12.6.app/Contents/Resources/NetBeans/netbeans/platform/core/org-openide-filesystems.jar:/Applications/NetBeans/Apache NetBeans 12.6.app/Contents/Resources/NetBeans/netbeans/platform/core/asm-9.2.jar:/Applications/NetBeans/Apache NetBeans 12.6.app/Contents/Resources/NetBeans/netbeans/platform/core/asm-commons-9.2.jar:/Applications/NetBeans/Apache NetBeans 12.6.app/Contents/Resources/NetBeans/netbeans/platform/core/core.jar:/Applications/NetBeans/Apache NetBeans 12.6.app/Contents/Resources/NetBeans/netbeans/platform/core/core-base.jar:/Applications/NetBeans/Apache NetBeans 12.6.app/Contents/Resources/NetBeans/netbeans/nb/core/org-netbeans-upgrader.jar:/Applications/NetBeans/Apache NetBeans 12.6.app/Contents/Resources/NetBeans/netbeans/nb/core/locale/core_nb.jar" />
    <property name="libs.javaee-web-api-8.0.javadoc" value="/Applications/NetBeans/Apache NetBeans 12.6.app/Contents/Resources/NetBeans/netbeans/enterprise/docs/javaee-doc-api.jar" />
    <property name="libs.eclipselinkmodelgen.classpath" value="/Applications/NetBeans/Apache NetBeans 12.6.app/Contents/Resources/NetBeans/netbeans/java/modules/ext/eclipselink/org.eclipse.persistence.jpa.modelgen.processor-2.7.9.jar" />
    <property name="netbeans.buildnumber" value="12.6-9cacf1fd305b775b176576c8b633b10b73524861" />
    <property name="endorsed.classpath.cmd.line.arg" value="" />
    <property name="libs.jpa20-persistence.maven-pom" value="" />
    <property name="libs.CopyLibs.maven-pom" value="" />
    <property name="build.sysclasspath" value="ignore" />
    <property name="os.name" value="Mac OS X" />
    <property name="libs.jakartaee-api-8.0.maven-pom" value="" />
    <property name="jdkBug6558476" value="false" />
    <property name="http.nonProxyHosts" value="local|*.local|169.254/16|*.169.254/16" />
    <property name="javadoc.author" value="false" />
    <property name="main.class" value="me.adrian.proj.main.Main" />
    <property name="libs.jsp-compilation-syscp.javadoc" value="" />
    <property name="source.encoding" value="UTF-8" />
    <property name="jar.compress" value="false" />
    <property name="libs.javaee-api-7.0.javadoc" value="/Applications/NetBeans/Apache NetBeans 12.6.app/Contents/Resources/NetBeans/netbeans/enterprise/docs/javaee-doc-api.jar" />
    <property name="libs.spring-webmvc5.0.src" value="" />
    <property name="libs.jsf20.maven-pom" value="" />
    <property name="libs.restlib.classpath" value="/Applications/NetBeans/Apache NetBeans 12.6.app/Contents/Resources/NetBeans/netbeans/enterprise/modules/ext/jersey2/ext/jakarta.annotation-api-1.3.5.jar:/Applications/NetBeans/Apache NetBeans 12.6.app/Contents/Resources/NetBeans/netbeans/enterprise/modules/ext/jersey2/ext/jakarta.persistence-api-2.2.3.jar:/Applications/NetBeans/Apache NetBeans 12.6.app/Contents/Resources/NetBeans/netbeans/enterprise/modules/ext/jersey2/ext/jakarta.servlet-api-4.0.4.jar:/Applications/NetBeans/Apache NetBeans 12.6.app/Contents/Resources/NetBeans/netbeans/enterprise/modules/ext/jersey2/ext/jakarta.validation-api-2.0.2.jar:/Applications/NetBeans/Apache NetBeans 12.6.app/Contents/Resources/NetBeans/netbeans/enterprise/modules/ext/jersey2/ext/jakarta.xml.bind-api-2.3.3.jar:/Applications/NetBeans/Apache NetBeans 12.6.app/Contents/Resources/NetBeans/netbeans/enterprise/modules/ext/jersey2/jersey-client.jar:/Applications/NetBeans/Apache NetBeans 12.6.app/Contents/Resources/NetBeans/netbeans/enterprise/modules/ext/jersey2/jersey-common.jar:/Applications/NetBeans/Apache NetBeans 12.6.app/Contents/Resources/NetBeans/netbeans/enterprise/modules/ext/jersey2/jersey-server.jar:/Applications/NetBeans/Apache NetBeans 12.6.app/Contents/Resources/NetBeans/netbeans/enterprise/modules/ext/jersey2/ext/jersey-entity-filtering-2.34.jar:/Applications/NetBeans/Apache NetBeans 12.6.app/Contents/Resources/NetBeans/netbeans/enterprise/modules/ext/jersey2/ext/jersey-hk2-2.34.jar:/Applications/NetBeans/Apache NetBeans 12.6.app/Contents/Resources/NetBeans/netbeans/enterprise/modules/ext/jersey2/ext/jersey-media-moxy-2.34.jar:/Applications/NetBeans/Apache NetBeans 12.6.app/Contents/Resources/NetBeans/netbeans/enterprise/modules/ext/jersey2/jersey-container-servlet.jar:/Applications/NetBeans/Apache NetBeans 12.6.app/Contents/Resources/NetBeans/netbeans/enterprise/modules/ext/jersey2/jersey-container-servlet-core.jar:/Applications/NetBeans/Apache NetBeans 12.6.app/Contents/Resources/NetBeans/netbeans/enterprise/modules/ext/jersey2/ext/hk2-api-2.6.1.jar:/Applications/NetBeans/Apache NetBeans 12.6.app/Contents/Resources/NetBeans/netbeans/enterprise/modules/ext/jersey2/ext/hk2-locator-2.6.1.jar:/Applications/NetBeans/Apache NetBeans 12.6.app/Contents/Resources/NetBeans/netbeans/enterprise/modules/ext/jersey2/ext/hk2-utils-2.6.1.jar:/Applications/NetBeans/Apache NetBeans 12.6.app/Contents/Resources/NetBeans/netbeans/enterprise/modules/ext/jersey2/ext/jakarta.inject-2.6.1.jar:/Applications/NetBeans/Apache NetBeans 12.6.app/Contents/Resources/NetBeans/netbeans/enterprise/modules/ext/jersey2/ext/aopalliance-repackaged-2.6.1.jar:/Applications/NetBeans/Apache NetBeans 12.6.app/Contents/Resources/NetBeans/netbeans/enterprise/modules/ext/jersey2/ext/osgi.core-8.0.0.jar:/Applications/NetBeans/Apache NetBeans 12.6.app/Contents/Resources/NetBeans/netbeans/enterprise/modules/ext/jersey2/ext/osgi-resource-locator-1.0.3.jar:/Applications/NetBeans/Apache NetBeans 12.6.app/Contents/Resources/NetBeans/netbeans/java/modules/ext/eclipselink/org.eclipse.persistence.core-2.7.9.jar:/Applications/NetBeans/Apache NetBeans 12.6.app/Contents/Resources/NetBeans/netbeans/java/modules/ext/eclipselink/org.eclipse.persistence.asm-9.1.0.jar:/Applications/NetBeans/Apache NetBeans 12.6.app/Contents/Resources/NetBeans/netbeans/java/modules/ext/eclipselink/org.eclipse.persistence.antlr-2.7.9.jar:/Applications/NetBeans/Apache NetBeans 12.6.app/Contents/Resources/NetBeans/netbeans/java/modules/ext/eclipselink/org.eclipse.persistence.jpa-2.7.9.jar:/Applications/NetBeans/Apache NetBeans 12.6.app/Contents/Resources/NetBeans/netbeans/java/modules/ext/eclipselink/org.eclipse.persistence.jpa.jpql-2.7.9.jar:/Applications/NetBeans/Apache NetBeans 12.6.app/Contents/Resources/NetBeans/netbeans/java/modules/ext/eclipselink/org.eclipse.persistence.moxy-2.7.9.jar" />
    <property name="libs.jakartaee-web-api-8.0.javadoc" value="/Applications/NetBeans/Apache NetBeans 12.6.app/Contents/Resources/NetBeans/netbeans/enterprise/docs/jakartaee8-doc-api.jar" />
    <property name="apple.awt.graphics.UseQuartz" value="true" />
    <property name="libs.graaljs.src" value="" />
    <property name="run.jvmargs" value="" />
    <property name="libs.primefaces.src" value="" />
    <property name="libraries.path" value="/Users/adrianfaisal/NetBeansProjects/rpl2-di/lib/nblibraries.properties" />
    <property name="ant.file" value="/Users/adrianfaisal/NetBeansProjects/rpl2-di/build.xml" />
    <property name="libs.struts.src" value="" />
    <property name="path.separator" value=":" />
    <property name="libs.JAXB-ENDORSED.classpath" value="/Applications/NetBeans/Apache NetBeans 12.6.app/Contents/Resources/NetBeans/netbeans/ide/modules/ext/jaxb/api/jaxb-api.jar" />
    <property name="libs.restlib.src" value="" />
    <property name="build.test.results.dir" value="build/test/results" />
    <property name="libs.jaxws21.javadoc" value="/Applications/NetBeans/Apache NetBeans 12.6.app/Contents/Resources/NetBeans/netbeans/java/docs/jaxws-api-doc.zip" />
    <property name="libs.javaee-endorsed-api-6.0.javadoc" value="/Applications/NetBeans/Apache NetBeans 12.6.app/Contents/Resources/NetBeans/netbeans/enterprise/docs/javaee-doc-api.jar" />
    <property name="libs.spring-framework400.maven-pom" value="" />
    <property name="ap.processors.internal" value="" />
    <property name="libs.spring-webmvc5.0.javadoc" value="" />
    <property name="libs.jsf12.classpath" value="/Applications/NetBeans/Apache NetBeans 12.6.app/Contents/Resources/NetBeans/netbeans/enterprise/modules/ext/jsf-1_2/jsf-api.jar:/Applications/NetBeans/Apache NetBeans 12.6.app/Contents/Resources/NetBeans/netbeans/enterprise/modules/ext/jsf-1_2/jsf-impl.jar" />
    <property name="libs.hamcrest.javadoc" value="" />
    <property name="libs.spring-framework400.javadoc" value="" />
    <property name="java.vm.info" value="mixed mode, sharing" />
    <property name="libs.primefaces.classpath" value="/Applications/NetBeans/Apache NetBeans 12.6.app/Contents/Resources/NetBeans/netbeans/enterprise/modules/ext/primefaces/primefaces-5.0.jar" />
    <property name="libs.jaxws21.maven-pom" value="" />
    <property name="run.test.classpath" value="/Users/adrianfaisal/NetBeansProjects/rpl2-di/lib/spring-framework400/org-apache-commons-logging.jar;/Users/adrianfaisal/NetBeansProjects/rpl2-di/lib/spring-framework400/cglib-2.2.jar;/Users/adrianfaisal/NetBeansProjects/rpl2-di/lib/spring-framework400/spring-aop-4.0.1.RELEASE.jar;/Users/adrianfaisal/NetBeansProjects/rpl2-di/lib/spring-framework400/spring-aspects-4.0.1.RELEASE.jar;/Users/adrianfaisal/NetBeansProjects/rpl2-di/lib/spring-framework400/spring-beans-4.0.1.RELEASE.jar;/Users/adrianfaisal/NetBeansProjects/rpl2-di/lib/spring-framework400/spring-build-src-4.0.1.RELEASE.jar;/Users/adrianfaisal/NetBeansProjects/rpl2-di/lib/spring-framework400/spring-context-4.0.1.RELEASE.jar;/Users/adrianfaisal/NetBeansProjects/rpl2-di/lib/spring-framework400/spring-context-support-4.0.1.RELEASE.jar;/Users/adrianfaisal/NetBeansProjects/rpl2-di/lib/spring-framework400/spring-core-4.0.1.RELEASE.jar;/Users/adrianfaisal/NetBeansProjects/rpl2-di/lib/spring-framework400/spring-expression-4.0.1.RELEASE.jar;/Users/adrianfaisal/NetBeansProjects/rpl2-di/lib/spring-framework400/spring-framework-bom-4.0.1.RELEASE.jar;/Users/adrianfaisal/NetBeansProjects/rpl2-di/lib/spring-framework400/spring-instrument-4.0.1.RELEASE.jar;/Users/adrianfaisal/NetBeansProjects/rpl2-di/lib/spring-framework400/spring-instrument-tomcat-4.0.1.RELEASE.jar;/Users/adrianfaisal/NetBeansProjects/rpl2-di/lib/spring-framework400/spring-jdbc-4.0.1.RELEASE.jar;/Users/adrianfaisal/NetBeansProjects/rpl2-di/lib/spring-framework400/spring-jms-4.0.1.RELEASE.jar;/Users/adrianfaisal/NetBeansProjects/rpl2-di/lib/spring-framework400/spring-messaging-4.0.1.RELEASE.jar;/Users/adrianfaisal/NetBeansProjects/rpl2-di/lib/spring-framework400/spring-orm-4.0.1.RELEASE.jar;/Users/adrianfaisal/NetBeansProjects/rpl2-di/lib/spring-framework400/spring-oxm-4.0.1.RELEASE.jar;/Users/adrianfaisal/NetBeansProjects/rpl2-di/lib/spring-framework400/spring-test-4.0.1.RELEASE.jar;/Users/adrianfaisal/NetBeansProjects/rpl2-di/lib/spring-framework400/spring-tx-4.0.1.RELEASE.jar;/Users/adrianfaisal/NetBeansProjects/rpl2-di/lib/spring-framework400/spring-web-4.0.1.RELEASE.jar;/Users/adrianfaisal/NetBeansProjects/rpl2-di/lib/spring-framework400/spring-webmvc-4.0.1.RELEASE.jar;/Users/adrianfaisal/NetBeansProjects/rpl2-di/lib/spring-framework400/spring-webmvc-portlet-4.0.1.RELEASE.jar;/Users/adrianfaisal/NetBeansProjects/rpl2-di/lib/spring-framework400/spring-websocket-4.0.1.RELEASE.jar:/Users/adrianfaisal/NetBeansProjects/rpl2-di/lib/jpa2-persistence/hibernate-jpa-2.1-api-1.0.0.Final.jar:/Users/adrianfaisal/NetBeansProjects/rpl2-di/lib/hibernate4-support/antlr-2.7.7.jar;/Users/adrianfaisal/NetBeansProjects/rpl2-di/lib/hibernate4-support/c3p0-0.9.2.1.jar;/Users/adrianfaisal/NetBeansProjects/rpl2-di/lib/hibernate4-support/hibernate-c3p0-4.3.1.Final.jar;/Users/adrianfaisal/NetBeansProjects/rpl2-di/lib/hibernate4-support/mchange-commons-java-0.2.3.4.jar;/Users/adrianfaisal/NetBeansProjects/rpl2-di/lib/hibernate4-support/dom4j-1.6.1.jar;/Users/adrianfaisal/NetBeansProjects/rpl2-di/lib/hibernate4-support/ehcache-core-2.4.3.jar;/Users/adrianfaisal/NetBeansProjects/rpl2-di/lib/hibernate4-support/hibernate-ehcache-4.3.1.Final.jar;/Users/adrianfaisal/NetBeansProjects/rpl2-di/lib/hibernate4-support/hibernate-core-4.3.1.Final.jar;/Users/adrianfaisal/NetBeansProjects/rpl2-di/lib/hibernate4-support/jboss-logging-3.1.3.GA.jar;/Users/adrianfaisal/NetBeansProjects/rpl2-di/lib/hibernate4-support/hibernate-commons-annotations-4.0.4.Final.jar;/Users/adrianfaisal/NetBeansProjects/rpl2-di/lib/hibernate4-support/hibernate-entitymanager-4.3.1.Final.jar;/Users/adrianfaisal/NetBeansProjects/rpl2-di/lib/hibernate4-support/javassist-3.18.1-GA.jar;/Users/adrianfaisal/NetBeansProjects/rpl2-di/lib/hibernate4-support/jboss-transaction-api_1.2_spec-1.0.0.Final.jar;/Users/adrianfaisal/NetBeansProjects/rpl2-di/lib/hibernate4-support/slf4j-api-1.6.1.jar;/Users/adrianfaisal/NetBeansProjects/rpl2-di/lib/hibernate4-support/slf4j-simple-1.6.1.jar:lib/mysql-connector-java-5.1.23-bin.jar:lib/aopalliance-1.0.jar:lib/junit-4.13.2.jar:lib/hamcrest-core-1.3.jar:/Users/adrianfaisal/NetBeansProjects/rpl2-di/lib/MySQLDriver/mysql-connector-java-5.1.23-bin.jar:build/classes:build/test/classes" />
    <property name="libs.hibernate4-support.prop-maven-dependencies" value="&#xa;                org.hibernate:hibernate-entitymanager:4.3.1.Final:jar&#xa;            " />
    <property name="javadoc.encoding.used" value="UTF-8" />
    <property name="java.class.version" value="61.0" />
    <property name="src.dir" value="src" />
    <property name="debug.classpath" value="/Users/adrianfaisal/NetBeansProjects/rpl2-di/lib/spring-framework400/org-apache-commons-logging.jar;/Users/adrianfaisal/NetBeansProjects/rpl2-di/lib/spring-framework400/cglib-2.2.jar;/Users/adrianfaisal/NetBeansProjects/rpl2-di/lib/spring-framework400/spring-aop-4.0.1.RELEASE.jar;/Users/adrianfaisal/NetBeansProjects/rpl2-di/lib/spring-framework400/spring-aspects-4.0.1.RELEASE.jar;/Users/adrianfaisal/NetBeansProjects/rpl2-di/lib/spring-framework400/spring-beans-4.0.1.RELEASE.jar;/Users/adrianfaisal/NetBeansProjects/rpl2-di/lib/spring-framework400/spring-build-src-4.0.1.RELEASE.jar;/Users/adrianfaisal/NetBeansProjects/rpl2-di/lib/spring-framework400/spring-context-4.0.1.RELEASE.jar;/Users/adrianfaisal/NetBeansProjects/rpl2-di/lib/spring-framework400/spring-context-support-4.0.1.RELEASE.jar;/Users/adrianfaisal/NetBeansProjects/rpl2-di/lib/spring-framework400/spring-core-4.0.1.RELEASE.jar;/Users/adrianfaisal/NetBeansProjects/rpl2-di/lib/spring-framework400/spring-expression-4.0.1.RELEASE.jar;/Users/adrianfaisal/NetBeansProjects/rpl2-di/lib/spring-framework400/spring-framework-bom-4.0.1.RELEASE.jar;/Users/adrianfaisal/NetBeansProjects/rpl2-di/lib/spring-framework400/spring-instrument-4.0.1.RELEASE.jar;/Users/adrianfaisal/NetBeansProjects/rpl2-di/lib/spring-framework400/spring-instrument-tomcat-4.0.1.RELEASE.jar;/Users/adrianfaisal/NetBeansProjects/rpl2-di/lib/spring-framework400/spring-jdbc-4.0.1.RELEASE.jar;/Users/adrianfaisal/NetBeansProjects/rpl2-di/lib/spring-framework400/spring-jms-4.0.1.RELEASE.jar;/Users/adrianfaisal/NetBeansProjects/rpl2-di/lib/spring-framework400/spring-messaging-4.0.1.RELEASE.jar;/Users/adrianfaisal/NetBeansProjects/rpl2-di/lib/spring-framework400/spring-orm-4.0.1.RELEASE.jar;/Users/adrianfaisal/NetBeansProjects/rpl2-di/lib/spring-framework400/spring-oxm-4.0.1.RELEASE.jar;/Users/adrianfaisal/NetBeansProjects/rpl2-di/lib/spring-framework400/spring-test-4.0.1.RELEASE.jar;/Users/adrianfaisal/NetBeansProjects/rpl2-di/lib/spring-framework400/spring-tx-4.0.1.RELEASE.jar;/Users/adrianfaisal/NetBeansProjects/rpl2-di/lib/spring-framework400/spring-web-4.0.1.RELEASE.jar;/Users/adrianfaisal/NetBeansProjects/rpl2-di/lib/spring-framework400/spring-webmvc-4.0.1.RELEASE.jar;/Users/adrianfaisal/NetBeansProjects/rpl2-di/lib/spring-framework400/spring-webmvc-portlet-4.0.1.RELEASE.jar;/Users/adrianfaisal/NetBeansProjects/rpl2-di/lib/spring-framework400/spring-websocket-4.0.1.RELEASE.jar:/Users/adrianfaisal/NetBeansProjects/rpl2-di/lib/jpa2-persistence/hibernate-jpa-2.1-api-1.0.0.Final.jar:/Users/adrianfaisal/NetBeansProjects/rpl2-di/lib/hibernate4-support/antlr-2.7.7.jar;/Users/adrianfaisal/NetBeansProjects/rpl2-di/lib/hibernate4-support/c3p0-0.9.2.1.jar;/Users/adrianfaisal/NetBeansProjects/rpl2-di/lib/hibernate4-support/hibernate-c3p0-4.3.1.Final.jar;/Users/adrianfaisal/NetBeansProjects/rpl2-di/lib/hibernate4-support/mchange-commons-java-0.2.3.4.jar;/Users/adrianfaisal/NetBeansProjects/rpl2-di/lib/hibernate4-support/dom4j-1.6.1.jar;/Users/adrianfaisal/NetBeansProjects/rpl2-di/lib/hibernate4-support/ehcache-core-2.4.3.jar;/Users/adrianfaisal/NetBeansProjects/rpl2-di/lib/hibernate4-support/hibernate-ehcache-4.3.1.Final.jar;/Users/adrianfaisal/NetBeansProjects/rpl2-di/lib/hibernate4-support/hibernate-core-4.3.1.Final.jar;/Users/adrianfaisal/NetBeansProjects/rpl2-di/lib/hibernate4-support/jboss-logging-3.1.3.GA.jar;/Users/adrianfaisal/NetBeansProjects/rpl2-di/lib/hibernate4-support/hibernate-commons-annotations-4.0.4.Final.jar;/Users/adrianfaisal/NetBeansProjects/rpl2-di/lib/hibernate4-support/hibernate-entitymanager-4.3.1.Final.jar;/Users/adrianfaisal/NetBeansProjects/rpl2-di/lib/hibernate4-support/javassist-3.18.1-GA.jar;/Users/adrianfaisal/NetBeansProjects/rpl2-di/lib/hibernate4-support/jboss-transaction-api_1.2_spec-1.0.0.Final.jar;/Users/adrianfaisal/NetBeansProjects/rpl2-di/lib/hibernate4-support/slf4j-api-1.6.1.jar;/Users/adrianfaisal/NetBeansProjects/rpl2-di/lib/hibernate4-support/slf4j-simple-1.6.1.jar:lib/mysql-connector-java-5.1.23-bin.jar:lib/aopalliance-1.0.jar:lib/junit-4.13.2.jar:lib/hamcrest-core-1.3.jar:/Users/adrianfaisal/NetBeansProjects/rpl2-di/lib/MySQLDriver/mysql-connector-java-5.1.23-bin.jar:build/classes" />
    <property name="ant.project.default-target" value="default" />
    <property name="excludes" value="" />
    <property name="libs.javaee-api-7.0.src" value="" />
    <property name="libs.junit_4.javadoc" value="/Users/adrianfaisal/NetBeansProjects/rpl2-di/lib/junit_4/junit-4.13.2-javadoc.jar" />
    <property name="sun.jnu.encoding" value="UTF-8" />
    <property name="run.test.jvmargs" value="" />
    <property name="libs.spring-webmvc4.0.src" value="" />
    <property name="sun.java2d.dpiaware" value="true" />
    <property name="libs.hibernate4-support.displayName" value="Hibernate 4.3.x" />
    <property name="main.class.available" value="true" />
    <property name="libs.jsf20.javadoc" value="/Applications/NetBeans/Apache NetBeans 12.6.app/Contents/Resources/NetBeans/netbeans/enterprise/docs/javaee-doc-api.jar" />
    <property name="netbeans.importclass" value="org.netbeans.upgrade.AutoUpgrade" />
    <property name="netbeans.autoupdate.version" value="1.23" />
    <property name="empty.dir" value="/Users/adrianfaisal/NetBeansProjects/rpl2-di/build/empty" />
    <property name="netbeans.user" value="/Users/adrianfaisal/Library/Application Support/NetBeans/12.6" />
    <property name="javac.includes.binary" value="/Users/adrianfaisal/NetBeansProjects/rpl2-di/build/test/classes/me/adrian/proj/TestProductDaoImpl.class" />
    <property name="file.separator" value="/" />
    <property name="line.separator" value="&#xa;" />
    <property name="javadoc.additionalparam" value="" />
    <property name="libs.spring-webmvc5.0.classpath" value="/Applications/NetBeans/Apache NetBeans 12.6.app/Contents/Resources/NetBeans/netbeans/java/modules/ext/spring-5/spring-webmvc-5.2.9.RELEASE.jar" />
    <property name="test.method" value="testCreate" />
    <property name="libs.hibernate4-support.classpath" value="/Users/adrianfaisal/NetBeansProjects/rpl2-di/lib/hibernate4-support/antlr-2.7.7.jar;/Users/adrianfaisal/NetBeansProjects/rpl2-di/lib/hibernate4-support/c3p0-0.9.2.1.jar;/Users/adrianfaisal/NetBeansProjects/rpl2-di/lib/hibernate4-support/hibernate-c3p0-4.3.1.Final.jar;/Users/adrianfaisal/NetBeansProjects/rpl2-di/lib/hibernate4-support/mchange-commons-java-0.2.3.4.jar;/Users/adrianfaisal/NetBeansProjects/rpl2-di/lib/hibernate4-support/dom4j-1.6.1.jar;/Users/adrianfaisal/NetBeansProjects/rpl2-di/lib/hibernate4-support/ehcache-core-2.4.3.jar;/Users/adrianfaisal/NetBeansProjects/rpl2-di/lib/hibernate4-support/hibernate-ehcache-4.3.1.Final.jar;/Users/adrianfaisal/NetBeansProjects/rpl2-di/lib/hibernate4-support/hibernate-core-4.3.1.Final.jar;/Users/adrianfaisal/NetBeansProjects/rpl2-di/lib/hibernate4-support/jboss-logging-3.1.3.GA.jar;/Users/adrianfaisal/NetBeansProjects/rpl2-di/lib/hibernate4-support/hibernate-commons-annotations-4.0.4.Final.jar;/Users/adrianfaisal/NetBeansProjects/rpl2-di/lib/hibernate4-support/hibernate-entitymanager-4.3.1.Final.jar;/Users/adrianfaisal/NetBeansProjects/rpl2-di/lib/hibernate4-support/javassist-3.18.1-GA.jar;/Users/adrianfaisal/NetBeansProjects/rpl2-di/lib/hibernate4-support/jboss-transaction-api_1.2_spec-1.0.0.Final.jar;/Users/adrianfaisal/NetBeansProjects/rpl2-di/lib/hibernate4-support/slf4j-api-1.6.1.jar;/Users/adrianfaisal/NetBeansProjects/rpl2-di/lib/hibernate4-support/slf4j-simple-1.6.1.jar" />
    <property name="libs.restlib.maven-pom" value="" />
    <property name="javac.debug" value="true" />
    <property name="libs.testng.classpath" value="/Applications/NetBeans/Apache NetBeans 12.6.app/Contents/Resources/NetBeans/netbeans/platform/modules/ext/testng-6.14.3.jar:/Applications/NetBeans/Apache NetBeans 12.6.app/Contents/Resources/NetBeans/netbeans/platform/modules/ext/jcommander-1.78.jar" />
    <property name="libs.MySQLDriver.prop-maven-dependencies" value="mysql:mysql-connector-java:5.1.23:jar" />
    <property name="libs.jsp-compiler.src" value="" />
    <property name="user.name" value="adrianfaisal" />
    <property name="build.classes.dir" value="build/classes" />
    <property name="javadoc.windowtitle" value="" />
    <property name="nb.junit.single" value="true" />
    <property name="nb.internal.action.name" value="run.single.method" />
    <property name="libs.javaee-api-8.0.maven-pom" value="" />
    <property name="libs.jaxws21.src" value="" />
    <property name="libs.jakartaee-web-api-9.0.javadoc" value="/Applications/NetBeans/Apache NetBeans 12.6.app/Contents/Resources/NetBeans/netbeans/enterprise/docs/jakartaee9-doc-api.jar" />
    <property name="libs.MySQLDriver.classpath" value="/Users/adrianfaisal/NetBeansProjects/rpl2-di/lib/MySQLDriver/mysql-connector-java-5.1.23-bin.jar" />
    <property name="jna.loaded" value="true" />
    <property name="libs.junit_5.maven-pom" value="" />
    <property name="libs.jpa20-persistence.javadoc" value="/Applications/NetBeans/Apache NetBeans 12.6.app/Contents/Resources/NetBeans/netbeans/java/modules/ext/docs/javax.persistence-2.2.1-doc.zip" />
    <property name="ant.junit.enabletestlistenerevents" value="true" />
    <property name="libs.JWSAntTasks.src" value="" />
    <property name="ant.home" value="/Applications/NetBeans/Apache NetBeans 12.6.app/Contents/Resources/NetBeans/netbeans/extide/ant" />
    <property name="libs.spring-webmvc3.0.src" value="" />
    <property name="javac.external.vm" value="true" />
    <property name="have.tests" value="true" />
    <property name="debug.test.classpath" value="/Users/adrianfaisal/NetBeansProjects/rpl2-di/lib/spring-framework400/org-apache-commons-logging.jar;/Users/adrianfaisal/NetBeansProjects/rpl2-di/lib/spring-framework400/cglib-2.2.jar;/Users/adrianfaisal/NetBeansProjects/rpl2-di/lib/spring-framework400/spring-aop-4.0.1.RELEASE.jar;/Users/adrianfaisal/NetBeansProjects/rpl2-di/lib/spring-framework400/spring-aspects-4.0.1.RELEASE.jar;/Users/adrianfaisal/NetBeansProjects/rpl2-di/lib/spring-framework400/spring-beans-4.0.1.RELEASE.jar;/Users/adrianfaisal/NetBeansProjects/rpl2-di/lib/spring-framework400/spring-build-src-4.0.1.RELEASE.jar;/Users/adrianfaisal/NetBeansProjects/rpl2-di/lib/spring-framework400/spring-context-4.0.1.RELEASE.jar;/Users/adrianfaisal/NetBeansProjects/rpl2-di/lib/spring-framework400/spring-context-support-4.0.1.RELEASE.jar;/Users/adrianfaisal/NetBeansProjects/rpl2-di/lib/spring-framework400/spring-core-4.0.1.RELEASE.jar;/Users/adrianfaisal/NetBeansProjects/rpl2-di/lib/spring-framework400/spring-expression-4.0.1.RELEASE.jar;/Users/adrianfaisal/NetBeansProjects/rpl2-di/lib/spring-framework400/spring-framework-bom-4.0.1.RELEASE.jar;/Users/adrianfaisal/NetBeansProjects/rpl2-di/lib/spring-framework400/spring-instrument-4.0.1.RELEASE.jar;/Users/adrianfaisal/NetBeansProjects/rpl2-di/lib/spring-framework400/spring-instrument-tomcat-4.0.1.RELEASE.jar;/Users/adrianfaisal/NetBeansProjects/rpl2-di/lib/spring-framework400/spring-jdbc-4.0.1.RELEASE.jar;/Users/adrianfaisal/NetBeansProjects/rpl2-di/lib/spring-framework400/spring-jms-4.0.1.RELEASE.jar;/Users/adrianfaisal/NetBeansProjects/rpl2-di/lib/spring-framework400/spring-messaging-4.0.1.RELEASE.jar;/Users/adrianfaisal/NetBeansProjects/rpl2-di/lib/spring-framework400/spring-orm-4.0.1.RELEASE.jar;/Users/adrianfaisal/NetBeansProjects/rpl2-di/lib/spring-framework400/spring-oxm-4.0.1.RELEASE.jar;/Users/adrianfaisal/NetBeansProjects/rpl2-di/lib/spring-framework400/spring-test-4.0.1.RELEASE.jar;/Users/adrianfaisal/NetBeansProjects/rpl2-di/lib/spring-framework400/spring-tx-4.0.1.RELEASE.jar;/Users/adrianfaisal/NetBeansProjects/rpl2-di/lib/spring-framework400/spring-web-4.0.1.RELEASE.jar;/Users/adrianfaisal/NetBeansProjects/rpl2-di/lib/spring-framework400/spring-webmvc-4.0.1.RELEASE.jar;/Users/adrianfaisal/NetBeansProjects/rpl2-di/lib/spring-framework400/spring-webmvc-portlet-4.0.1.RELEASE.jar;/Users/adrianfaisal/NetBeansProjects/rpl2-di/lib/spring-framework400/spring-websocket-4.0.1.RELEASE.jar:/Users/adrianfaisal/NetBeansProjects/rpl2-di/lib/jpa2-persistence/hibernate-jpa-2.1-api-1.0.0.Final.jar:/Users/adrianfaisal/NetBeansProjects/rpl2-di/lib/hibernate4-support/antlr-2.7.7.jar;/Users/adrianfaisal/NetBeansProjects/rpl2-di/lib/hibernate4-support/c3p0-0.9.2.1.jar;/Users/adrianfaisal/NetBeansProjects/rpl2-di/lib/hibernate4-support/hibernate-c3p0-4.3.1.Final.jar;/Users/adrianfaisal/NetBeansProjects/rpl2-di/lib/hibernate4-support/mchange-commons-java-0.2.3.4.jar;/Users/adrianfaisal/NetBeansProjects/rpl2-di/lib/hibernate4-support/dom4j-1.6.1.jar;/Users/adrianfaisal/NetBeansProjects/rpl2-di/lib/hibernate4-support/ehcache-core-2.4.3.jar;/Users/adrianfaisal/NetBeansProjects/rpl2-di/lib/hibernate4-support/hibernate-ehcache-4.3.1.Final.jar;/Users/adrianfaisal/NetBeansProjects/rpl2-di/lib/hibernate4-support/hibernate-core-4.3.1.Final.jar;/Users/adrianfaisal/NetBeansProjects/rpl2-di/lib/hibernate4-support/jboss-logging-3.1.3.GA.jar;/Users/adrianfaisal/NetBeansProjects/rpl2-di/lib/hibernate4-support/hibernate-commons-annotations-4.0.4.Final.jar;/Users/adrianfaisal/NetBeansProjects/rpl2-di/lib/hibernate4-support/hibernate-entitymanager-4.3.1.Final.jar;/Users/adrianfaisal/NetBeansProjects/rpl2-di/lib/hibernate4-support/javassist-3.18.1-GA.jar;/Users/adrianfaisal/NetBeansProjects/rpl2-di/lib/hibernate4-support/jboss-transaction-api_1.2_spec-1.0.0.Final.jar;/Users/adrianfaisal/NetBeansProjects/rpl2-di/lib/hibernate4-support/slf4j-api-1.6.1.jar;/Users/adrianfaisal/NetBeansProjects/rpl2-di/lib/hibernate4-support/slf4j-simple-1.6.1.jar:lib/mysql-connector-java-5.1.23-bin.jar:lib/aopalliance-1.0.jar:lib/junit-4.13.2.jar:lib/hamcrest-core-1.3.jar:/Users/adrianfaisal/NetBeansProjects/rpl2-di/lib/MySQLDriver/mysql-connector-java-5.1.23-bin.jar:build/classes:build/test/classes" />
    <property name="testng.debug.mode" value="" />
    <property name="javac.target" value="1.8" />
    <property name="ant.version" value="Apache Ant(TM) version 1.10.8 compiled on May 10 2020" />
    <property name="libraries.dir" value="/Users/adrianfaisal/NetBeansProjects/rpl2-di/lib" />
    <property name="libs.absolutelayout.maven-pom" value="" />
    <property name="java.failonerror" value="true" />
    <property name="libs.spring-framework500.src" value="" />
    <property name="javac.modulepath" value="" />
    <property name="user.properties.file" value="/Users/adrianfaisal/Library/Application Support/NetBeans/12.6/build.properties" />
    <property name="libs.javaee-api-6.0.src" value="" />
    <property name="javac.includes" value="me/adrian/proj/TestProductDaoImpl.java" />
    <property name="netbeans.autoupdate.country" value="GB" />
    <property name="java.class.path" value="/Users/adrianfaisal/NetBeansProjects/rpl2-di/lib/spring-framework400/org-apache-commons-logging.jar:/Users/adrianfaisal/NetBeansProjects/rpl2-di/lib/spring-framework400/cglib-2.2.jar:/Users/adrianfaisal/NetBeansProjects/rpl2-di/lib/spring-framework400/spring-aop-4.0.1.RELEASE.jar:/Users/adrianfaisal/NetBeansProjects/rpl2-di/lib/spring-framework400/spring-aspects-4.0.1.RELEASE.jar:/Users/adrianfaisal/NetBeansProjects/rpl2-di/lib/spring-framework400/spring-beans-4.0.1.RELEASE.jar:/Users/adrianfaisal/NetBeansProjects/rpl2-di/lib/spring-framework400/spring-build-src-4.0.1.RELEASE.jar:/Users/adrianfaisal/NetBeansProjects/rpl2-di/lib/spring-framework400/spring-context-4.0.1.RELEASE.jar:/Users/adrianfaisal/NetBeansProjects/rpl2-di/lib/spring-framework400/spring-context-support-4.0.1.RELEASE.jar:/Users/adrianfaisal/NetBeansProjects/rpl2-di/lib/spring-framework400/spring-core-4.0.1.RELEASE.jar:/Users/adrianfaisal/NetBeansProjects/rpl2-di/lib/spring-framework400/spring-expression-4.0.1.RELEASE.jar:/Users/adrianfaisal/NetBeansProjects/rpl2-di/lib/spring-framework400/spring-framework-bom-4.0.1.RELEASE.jar:/Users/adrianfaisal/NetBeansProjects/rpl2-di/lib/spring-framework400/spring-instrument-4.0.1.RELEASE.jar:/Users/adrianfaisal/NetBeansProjects/rpl2-di/lib/spring-framework400/spring-instrument-tomcat-4.0.1.RELEASE.jar:/Users/adrianfaisal/NetBeansProjects/rpl2-di/lib/spring-framework400/spring-jdbc-4.0.1.RELEASE.jar:/Users/adrianfaisal/NetBeansProjects/rpl2-di/lib/spring-framework400/spring-jms-4.0.1.RELEASE.jar:/Users/adrianfaisal/NetBeansProjects/rpl2-di/lib/spring-framework400/spring-messaging-4.0.1.RELEASE.jar:/Users/adrianfaisal/NetBeansProjects/rpl2-di/lib/spring-framework400/spring-orm-4.0.1.RELEASE.jar:/Users/adrianfaisal/NetBeansProjects/rpl2-di/lib/spring-framework400/spring-oxm-4.0.1.RELEASE.jar:/Users/adrianfaisal/NetBeansProjects/rpl2-di/lib/spring-framework400/spring-test-4.0.1.RELEASE.jar:/Users/adrianfaisal/NetBeansProjects/rpl2-di/lib/spring-framework400/spring-tx-4.0.1.RELEASE.jar:/Users/adrianfaisal/NetBeansProjects/rpl2-di/lib/spring-framework400/spring-web-4.0.1.RELEASE.jar:/Users/adrianfaisal/NetBeansProjects/rpl2-di/lib/spring-framework400/spring-webmvc-4.0.1.RELEASE.jar:/Users/adrianfaisal/NetBeansProjects/rpl2-di/lib/spring-framework400/spring-webmvc-portlet-4.0.1.RELEASE.jar:/Users/adrianfaisal/NetBeansProjects/rpl2-di/lib/spring-framework400/spring-websocket-4.0.1.RELEASE.jar:/Users/adrianfaisal/NetBeansProjects/rpl2-di/lib/jpa2-persistence/hibernate-jpa-2.1-api-1.0.0.Final.jar:/Users/adrianfaisal/NetBeansProjects/rpl2-di/lib/hibernate4-support/antlr-2.7.7.jar:/Users/adrianfaisal/NetBeansProjects/rpl2-di/lib/hibernate4-support/c3p0-0.9.2.1.jar:/Users/adrianfaisal/NetBeansProjects/rpl2-di/lib/hibernate4-support/hibernate-c3p0-4.3.1.Final.jar:/Users/adrianfaisal/NetBeansProjects/rpl2-di/lib/hibernate4-support/mchange-commons-java-0.2.3.4.jar:/Users/adrianfaisal/NetBeansProjects/rpl2-di/lib/hibernate4-support/dom4j-1.6.1.jar:/Users/adrianfaisal/NetBeansProjects/rpl2-di/lib/hibernate4-support/ehcache-core-2.4.3.jar:/Users/adrianfaisal/NetBeansProjects/rpl2-di/lib/hibernate4-support/hibernate-ehcache-4.3.1.Final.jar:/Users/adrianfaisal/NetBeansProjects/rpl2-di/lib/hibernate4-support/hibernate-core-4.3.1.Final.jar:/Users/adrianfaisal/NetBeansProjects/rpl2-di/lib/hibernate4-support/jboss-logging-3.1.3.GA.jar:/Users/adrianfaisal/NetBeansProjects/rpl2-di/lib/hibernate4-support/hibernate-commons-annotations-4.0.4.Final.jar:/Users/adrianfaisal/NetBeansProjects/rpl2-di/lib/hibernate4-support/hibernate-entitymanager-4.3.1.Final.jar:/Users/adrianfaisal/NetBeansProjects/rpl2-di/lib/hibernate4-support/javassist-3.18.1-GA.jar:/Users/adrianfaisal/NetBeansProjects/rpl2-di/lib/hibernate4-support/jboss-transaction-api_1.2_spec-1.0.0.Final.jar:/Users/adrianfaisal/NetBeansProjects/rpl2-di/lib/hibernate4-support/slf4j-api-1.6.1.jar:/Users/adrianfaisal/NetBeansProjects/rpl2-di/lib/hibernate4-support/slf4j-simple-1.6.1.jar:/Users/adrianfaisal/NetBeansProjects/rpl2-di/lib/mysql-connector-java-5.1.23-bin.jar:/Users/adrianfaisal/NetBeansProjects/rpl2-di/lib/aopalliance-1.0.jar:/Users/adrianfaisal/NetBeansProjects/rpl2-di/lib/junit-4.13.2.jar:/Users/adrianfaisal/NetBeansProjects/rpl2-di/lib/hamcrest-core-1.3.jar:/Users/adrianfaisal/NetBeansProjects/rpl2-di/lib/MySQLDriver/mysql-connector-java-5.1.23-bin.jar:/Users/adrianfaisal/NetBeansProjects/rpl2-di/build/classes:/Users/adrianfaisal/NetBeansProjects/rpl2-di/build/test/classes:/Applications/NetBeans/Apache NetBeans 12.6.app/Contents/Resources/NetBeans/netbeans/extide/ant/lib/ant-launcher.jar:/Applications/NetBeans/Apache NetBeans 12.6.app/Contents/Resources/NetBeans/netbeans/extide/ant/lib/ant.jar:/Applications/NetBeans/Apache NetBeans 12.6.app/Contents/Resources/NetBeans/netbeans/extide/ant/lib/ant-junit.jar:/Applications/NetBeans/Apache NetBeans 12.6.app/Contents/Resources/NetBeans/netbeans/extide/ant/lib/ant-junit4.jar" />
    <property name="libs.javaee-web-api-6.0.maven-pom" value="" />
    <property name="java.vm.vendor" value="Homebrew" />
    <property name="ap.supported.internal" value="true" />
    <property name="netbeans.home+have.tests" value="true" />
    <property name="test.binaryexcludes" value="" />
    <property name="javac.compilerargs" value="" />
    <property name="libs.jstl.maven-pom" value="" />
    <property name="libs.jakartaee-web-api-8.0.src" value="" />
    <property name="file.reference.aopalliance-1.0.jar" value="lib/aopalliance-1.0.jar" />
    <property name="sun.cpu.endian" value="little" />
    <property name="libs.junit_4.src" value="/Users/adrianfaisal/NetBeansProjects/rpl2-di/lib/junit_4/junit-4.13.2-sources.jar" />
    <property name="libs.jakartaee-api-9.0.src" value="" />
    <property name="user.language" value="en" />
    <property name="copylibs.rebase" value="true" />
    <property name="libs.javaee-web-api-6.0.src" value="" />
    <property name="maven.defaultProjectBuilder.disableGlobalModelCache" value="true" />
    <property name="javadoc.nonavbar" value="false" />
    <property name="libs.javaee-api-8.0.src" value="" />
    <property name="ant.java.version" value="17" />
    <property name="libs.junit_4.classpath" value="/Users/adrianfaisal/NetBeansProjects/rpl2-di/lib/junit_4/junit-4.13.2.jar" />
    <property name="libs.jakartaee-api-9.0.javadoc" value="/Applications/NetBeans/Apache NetBeans 12.6.app/Contents/Resources/NetBeans/netbeans/enterprise/docs/jakartaee9-doc-api.jar" />
    <property name="test.binarytestincludes" value="" />
    <property name="libs.spring-webmvc5.0.maven-pom" value="" />
    <property name="libs.junit_4.maven-pom" value="" />
    <property name="libs.jsp-compiler.maven-pom" value="" />
    <property name="runtime.encoding" value="UTF-8" />
    <property name="javac.classpath" value="/Users/adrianfaisal/NetBeansProjects/rpl2-di/lib/spring-framework400/org-apache-commons-logging.jar;/Users/adrianfaisal/NetBeansProjects/rpl2-di/lib/spring-framework400/cglib-2.2.jar;/Users/adrianfaisal/NetBeansProjects/rpl2-di/lib/spring-framework400/spring-aop-4.0.1.RELEASE.jar;/Users/adrianfaisal/NetBeansProjects/rpl2-di/lib/spring-framework400/spring-aspects-4.0.1.RELEASE.jar;/Users/adrianfaisal/NetBeansProjects/rpl2-di/lib/spring-framework400/spring-beans-4.0.1.RELEASE.jar;/Users/adrianfaisal/NetBeansProjects/rpl2-di/lib/spring-framework400/spring-build-src-4.0.1.RELEASE.jar;/Users/adrianfaisal/NetBeansProjects/rpl2-di/lib/spring-framework400/spring-context-4.0.1.RELEASE.jar;/Users/adrianfaisal/NetBeansProjects/rpl2-di/lib/spring-framework400/spring-context-support-4.0.1.RELEASE.jar;/Users/adrianfaisal/NetBeansProjects/rpl2-di/lib/spring-framework400/spring-core-4.0.1.RELEASE.jar;/Users/adrianfaisal/NetBeansProjects/rpl2-di/lib/spring-framework400/spring-expression-4.0.1.RELEASE.jar;/Users/adrianfaisal/NetBeansProjects/rpl2-di/lib/spring-framework400/spring-framework-bom-4.0.1.RELEASE.jar;/Users/adrianfaisal/NetBeansProjects/rpl2-di/lib/spring-framework400/spring-instrument-4.0.1.RELEASE.jar;/Users/adrianfaisal/NetBeansProjects/rpl2-di/lib/spring-framework400/spring-instrument-tomcat-4.0.1.RELEASE.jar;/Users/adrianfaisal/NetBeansProjects/rpl2-di/lib/spring-framework400/spring-jdbc-4.0.1.RELEASE.jar;/Users/adrianfaisal/NetBeansProjects/rpl2-di/lib/spring-framework400/spring-jms-4.0.1.RELEASE.jar;/Users/adrianfaisal/NetBeansProjects/rpl2-di/lib/spring-framework400/spring-messaging-4.0.1.RELEASE.jar;/Users/adrianfaisal/NetBeansProjects/rpl2-di/lib/spring-framework400/spring-orm-4.0.1.RELEASE.jar;/Users/adrianfaisal/NetBeansProjects/rpl2-di/lib/spring-framework400/spring-oxm-4.0.1.RELEASE.jar;/Users/adrianfaisal/NetBeansProjects/rpl2-di/lib/spring-framework400/spring-test-4.0.1.RELEASE.jar;/Users/adrianfaisal/NetBeansProjects/rpl2-di/lib/spring-framework400/spring-tx-4.0.1.RELEASE.jar;/Users/adrianfaisal/NetBeansProjects/rpl2-di/lib/spring-framework400/spring-web-4.0.1.RELEASE.jar;/Users/adrianfaisal/NetBeansProjects/rpl2-di/lib/spring-framework400/spring-webmvc-4.0.1.RELEASE.jar;/Users/adrianfaisal/NetBeansProjects/rpl2-di/lib/spring-framework400/spring-webmvc-portlet-4.0.1.RELEASE.jar;/Users/adrianfaisal/NetBeansProjects/rpl2-di/lib/spring-framework400/spring-websocket-4.0.1.RELEASE.jar:/Users/adrianfaisal/NetBeansProjects/rpl2-di/lib/jpa2-persistence/hibernate-jpa-2.1-api-1.0.0.Final.jar:/Users/adrianfaisal/NetBeansProjects/rpl2-di/lib/hibernate4-support/antlr-2.7.7.jar;/Users/adrianfaisal/NetBeansProjects/rpl2-di/lib/hibernate4-support/c3p0-0.9.2.1.jar;/Users/adrianfaisal/NetBeansProjects/rpl2-di/lib/hibernate4-support/hibernate-c3p0-4.3.1.Final.jar;/Users/adrianfaisal/NetBeansProjects/rpl2-di/lib/hibernate4-support/mchange-commons-java-0.2.3.4.jar;/Users/adrianfaisal/NetBeansProjects/rpl2-di/lib/hibernate4-support/dom4j-1.6.1.jar;/Users/adrianfaisal/NetBeansProjects/rpl2-di/lib/hibernate4-support/ehcache-core-2.4.3.jar;/Users/adrianfaisal/NetBeansProjects/rpl2-di/lib/hibernate4-support/hibernate-ehcache-4.3.1.Final.jar;/Users/adrianfaisal/NetBeansProjects/rpl2-di/lib/hibernate4-support/hibernate-core-4.3.1.Final.jar;/Users/adrianfaisal/NetBeansProjects/rpl2-di/lib/hibernate4-support/jboss-logging-3.1.3.GA.jar;/Users/adrianfaisal/NetBeansProjects/rpl2-di/lib/hibernate4-support/hibernate-commons-annotations-4.0.4.Final.jar;/Users/adrianfaisal/NetBeansProjects/rpl2-di/lib/hibernate4-support/hibernate-entitymanager-4.3.1.Final.jar;/Users/adrianfaisal/NetBeansProjects/rpl2-di/lib/hibernate4-support/javassist-3.18.1-GA.jar;/Users/adrianfaisal/NetBeansProjects/rpl2-di/lib/hibernate4-support/jboss-transaction-api_1.2_spec-1.0.0.Final.jar;/Users/adrianfaisal/NetBeansProjects/rpl2-di/lib/hibernate4-support/slf4j-api-1.6.1.jar;/Users/adrianfaisal/NetBeansProjects/rpl2-di/lib/hibernate4-support/slf4j-simple-1.6.1.jar:lib/mysql-connector-java-5.1.23-bin.jar:lib/aopalliance-1.0.jar:lib/junit-4.13.2.jar:lib/hamcrest-core-1.3.jar:/Users/adrianfaisal/NetBeansProjects/rpl2-di/lib/MySQLDriver/mysql-connector-java-5.1.23-bin.jar" />
    <property name="libs.jakartaee-web-api-8.0.classpath" value="/Applications/NetBeans/Apache NetBeans 12.6.app/Contents/Resources/NetBeans/netbeans/enterprise/modules/ext/jakarta.jakartaee-web-api-8.0.0.jar" />
    <property name="ftp.nonProxyHosts" value="local|*.local|169.254/16|*.169.254/16" />
    <property name="nb.junit.batch" value="false" />
    <property name="libs.jpa2-persistence.javadoc" value="/Users/adrianfaisal/NetBeansProjects/rpl2-di/lib/jpa2-persistence/javax.persistence-2.1.0-doc.zip" />
    <property name="build.test.classes.dir" value="build/test/classes" />
    <property name="libs.spring-framework300.maven-pom" value="" />
    <property name="ant.project.invoked-targets" value="test-single-method" />
    <property name="libs.jstl.classpath" value="/Applications/NetBeans/Apache NetBeans 12.6.app/Contents/Resources/NetBeans/netbeans/enterprise/modules/ext/jstl-impl.jar:/Applications/NetBeans/Apache NetBeans 12.6.app/Contents/Resources/NetBeans/netbeans/enterprise/modules/ext/jstl-api.jar" />
    <property name="jna.platform.library.path" value="/usr/lib:/usr/lib" />
    <property name="ap.cmd.line.internal" value="" />
    <property name="libs.PostgreSQLDriver.src" value="" />
    <property name="java.vendor.url.bug" value="https://github.com/Homebrew/homebrew-core/issues" />
    <property name="annotation.processing.source.output" value="build/generated-sources/ap-source-output" />
    <property name="libs.javaee-endorsed-api-6.0.maven-pom" value="" />
    <property name="user.dir" value="/Users/adrianfaisal/NetBeansProjects/rpl2-di" />
    <property name="platform.java" value="/opt/homebrew/Cellar/openjdk/17.0.2/libexec/openjdk.jdk/Contents/Home/bin/java" />
    <property name="application.args" value="" />
    <property name="org.xml.sax.driver" value="com.sun.org.apache.xerces.internal.jaxp.SAXParserImpl$JAXPSAXParser" />
    <property name="libs.jakartaee-web-api-8.0.maven-pom" value="" />
    <property name="libs.eclipselink.src" value="" />
    <property name="libs.jpa2-persistence.classpath" value="/Users/adrianfaisal/NetBeansProjects/rpl2-di/lib/jpa2-persistence/hibernate-jpa-2.1-api-1.0.0.Final.jar" />
    <property name="java.vm.version" value="17.0.2+0" />
    <property name="libs.metro.javadoc" value="/Applications/NetBeans/Apache NetBeans 12.6.app/Contents/Resources/NetBeans/netbeans/enterprise/docs/webservices-api-javadoc.jar:/Applications/NetBeans/Apache NetBeans 12.6.app/Contents/Resources/NetBeans/netbeans/enterprise/docs/webservices-extra-javadoc.jar:/Applications/NetBeans/Apache NetBeans 12.6.app/Contents/Resources/NetBeans/netbeans/enterprise/docs/webservices-extra-api-javadoc.jar:/Applications/NetBeans/Apache NetBeans 12.6.app/Contents/Resources/NetBeans/netbeans/enterprise/docs/webservices-rt-javadoc.jar:/Applications/NetBeans/Apache NetBeans 12.6.app/Contents/Resources/NetBeans/netbeans/enterprise/docs/webservices-tools-javadoc.jar" />
    <property name="libs.jakartaee-web-api-9.0.src" value="" />
    <property name="test.class" value="me.adrian.proj.TestProductDaoImpl" />
    <property name="sun.awt.datatransfer.timeout" value="1000" />
    <property name="libs.jakartaee-api-8.0.src" value="" />
    <property name="libs.javaee-web-api-7.0.src" value="" />
    <property name="libs.jsp-compiler.classpath" value="/Applications/NetBeans/Apache NetBeans 12.6.app/Contents/Resources/NetBeans/netbeans/enterprise/ant/extra/jspcompile.jar" />
    <property name="junit.forkmode" value="perTest" />
    <property name="annotation.processing.run.all.processors" value="true" />
    <property name="libs.javaee-endorsed-api-6.0.classpath" value="/Applications/NetBeans/Apache NetBeans 12.6.app/Contents/Resources/NetBeans/netbeans/enterprise/modules/ext/javaee6-endorsed/javax.annotation.jar:/Applications/NetBeans/Apache NetBeans 12.6.app/Contents/Resources/NetBeans/netbeans/enterprise/modules/ext/javaee6-endorsed/jaxb-api-osgi.jar:/Applications/NetBeans/Apache NetBeans 12.6.app/Contents/Resources/NetBeans/netbeans/enterprise/modules/ext/javaee6-endorsed/webservices-api-osgi.jar" />
  </properties>
  <testcase classname="me.adrian.proj.TestProductDaoImpl" name="testCreate" time="0.632" />
  <system-out><![CDATA[Hibernate: 
    insert 
    into
        products
        (name, price, sku) 
    values
        (?, ?, ?)
]]></system-out>
  <system-err><![CDATA[Sept 24, 2022 3:34:27 PM org.springframework.test.context.TestContextManager retrieveTestExecutionListeners
INFO: Could not instantiate TestExecutionListener class [org.springframework.test.context.web.ServletTestExecutionListener]. Specify custom listener classes or make the default listener classes (and their dependencies) available.
Sept 24, 2022 3:34:28 PM org.springframework.beans.factory.xml.XmlBeanDefinitionReader loadBeanDefinitions
INFO: Loading XML bean definitions from class path resource [spring-config.xml]
Sept 24, 2022 3:34:28 PM org.springframework.context.support.AbstractApplicationContext prepareRefresh
INFO: Refreshing org.springframework.context.support.GenericApplicationContext@b7dd107: startup date [Sat Sep 24 15:34:28 WIB 2022]; root of context hierarchy
Sept 24, 2022 3:34:28 PM org.springframework.core.io.support.PropertiesLoaderSupport loadProperties
INFO: Loading properties file from class path resource [jdbc.properties]
Sept 24, 2022 3:34:28 PM org.springframework.jdbc.datasource.DriverManagerDataSource setDriverClassName
INFO: Loaded JDBC driver: com.mysql.jdbc.Driver
Sept 24, 2022 3:34:28 PM org.hibernate.annotations.common.reflection.java.JavaReflectionManager <clinit>
INFO: HCANN000001: Hibernate Commons Annotations {4.0.4.Final}
Sept 24, 2022 3:34:28 PM org.hibernate.Version logVersion
INFO: HHH000412: Hibernate Core {4.3.1.Final}
Sept 24, 2022 3:34:28 PM org.hibernate.cfg.Environment <clinit>
INFO: HHH000206: hibernate.properties not found
Sept 24, 2022 3:34:28 PM org.hibernate.cfg.Environment buildBytecodeProvider
INFO: HHH000021: Bytecode provider name : javassist
Sept 24, 2022 3:34:28 PM org.hibernate.cfg.Configuration configure
INFO: HHH000044: Configuring from URL: file:/Users/adrianfaisal/NetBeansProjects/rpl2-di/build/classes/hibernate.cfg.xml
Sept 24, 2022 3:34:28 PM org.hibernate.internal.util.xml.DTDEntityResolver resolveEntity
WARN: HHH000223: Recognized obsolete hibernate namespace http://hibernate.sourceforge.net/. Use namespace http://www.hibernate.org/dtd/ instead. Refer to Hibernate 3.6 Migration Guide!
Sept 24, 2022 3:34:28 PM org.hibernate.cfg.Configuration doConfigure
INFO: HHH000041: Configured SessionFactory: null
Sept 24, 2022 3:34:28 PM org.hibernate.dialect.Dialect <init>
INFO: HHH000400: Using dialect: org.hibernate.dialect.MySQLDialect
Sept 24, 2022 3:34:28 PM org.hibernate.engine.transaction.internal.TransactionFactoryInitiator initiateService
INFO: HHH000399: Using default transaction strategy (direct JDBC transactions)
Sept 24, 2022 3:34:28 PM org.hibernate.hql.internal.ast.ASTQueryTranslatorFactory <init>
INFO: HHH000397: Using ASTQueryTranslatorFactory
Sept 24, 2022 3:34:28 PM org.hibernate.proxy.pojo.javassist.JavassistLazyInitializer getProxyFactory
ERROR: HHH000142: Javassist Enhancement failed: me.adrian.proj.model.Product
java.lang.reflect.InaccessibleObjectException: Unable to make protected final java.lang.Class java.lang.ClassLoader.defineClass(java.lang.String,byte[],int,int,java.security.ProtectionDomain) throws java.lang.ClassFormatError accessible: module java.base does not "opens java.lang" to unnamed module @689eb690
	at java.base/java.lang.reflect.AccessibleObject.checkCanSetAccessible(AccessibleObject.java:354)
	at java.base/java.lang.reflect.AccessibleObject.checkCanSetAccessible(AccessibleObject.java:297)
	at java.base/java.lang.reflect.Method.checkCanSetAccessible(Method.java:199)
	at java.base/java.lang.reflect.Method.setAccessible(Method.java:193)
	at javassist.util.proxy.SecurityActions.setAccessible(SecurityActions.java:103)
	at javassist.util.proxy.FactoryHelper.toClass2(FactoryHelper.java:181)
	at javassist.util.proxy.FactoryHelper.toClass(FactoryHelper.java:164)
	at javassist.util.proxy.ProxyFactory.createClass3(ProxyFactory.java:507)
	at javassist.util.proxy.ProxyFactory.createClass2(ProxyFactory.java:492)
	at javassist.util.proxy.ProxyFactory.createClass1(ProxyFactory.java:428)
	at javassist.util.proxy.ProxyFactory.createClass(ProxyFactory.java:400)
	at org.hibernate.proxy.pojo.javassist.JavassistLazyInitializer.getProxyFactory(JavassistLazyInitializer.java:162)
	at org.hibernate.proxy.pojo.javassist.JavassistProxyFactory.postInstantiate(JavassistProxyFactory.java:67)
	at org.hibernate.tuple.entity.PojoEntityTuplizer.buildProxyFactory(PojoEntityTuplizer.java:224)
	at org.hibernate.tuple.entity.AbstractEntityTuplizer.<init>(AbstractEntityTuplizer.java:212)
	at org.hibernate.tuple.entity.PojoEntityTuplizer.<init>(PojoEntityTuplizer.java:80)
	at java.base/jdk.internal.reflect.NativeConstructorAccessorImpl.newInstance0(Native Method)
	at java.base/jdk.internal.reflect.NativeConstructorAccessorImpl.newInstance(NativeConstructorAccessorImpl.java:77)
	at java.base/jdk.internal.reflect.DelegatingConstructorAccessorImpl.newInstance(DelegatingConstructorAccessorImpl.java:45)
	at java.base/java.lang.reflect.Constructor.newInstanceWithCaller(Constructor.java:499)
	at java.base/java.lang.reflect.Constructor.newInstance(Constructor.java:480)
	at org.hibernate.tuple.entity.EntityTuplizerFactory.constructTuplizer(EntityTuplizerFactory.java:135)
	at org.hibernate.tuple.entity.EntityTuplizerFactory.constructDefaultTuplizer(EntityTuplizerFactory.java:188)
	at org.hibernate.tuple.entity.EntityMetamodel.<init>(EntityMetamodel.java:403)
	at org.hibernate.persister.entity.AbstractEntityPersister.<init>(AbstractEntityPersister.java:520)
	at org.hibernate.persister.entity.SingleTableEntityPersister.<init>(SingleTableEntityPersister.java:148)
	at java.base/jdk.internal.reflect.NativeConstructorAccessorImpl.newInstance0(Native Method)
	at java.base/jdk.internal.reflect.NativeConstructorAccessorImpl.newInstance(NativeConstructorAccessorImpl.java:77)
	at java.base/jdk.internal.reflect.DelegatingConstructorAccessorImpl.newInstance(DelegatingConstructorAccessorImpl.java:45)
	at java.base/java.lang.reflect.Constructor.newInstanceWithCaller(Constructor.java:499)
	at java.base/java.lang.reflect.Constructor.newInstance(Constructor.java:480)
	at org.hibernate.persister.internal.PersisterFactoryImpl.create(PersisterFactoryImpl.java:163)
	at org.hibernate.persister.internal.PersisterFactoryImpl.createEntityPersister(PersisterFactoryImpl.java:135)
	at org.hibernate.internal.SessionFactoryImpl.<init>(SessionFactoryImpl.java:400)
	at org.hibernate.cfg.Configuration.buildSessionFactory(Configuration.java:1857)
	at org.hibernate.cfg.Configuration.buildSessionFactory(Configuration.java:1928)
	at org.springframework.orm.hibernate4.LocalSessionFactoryBuilder.buildSessionFactory(LocalSessionFactoryBuilder.java:343)
	at org.springframework.orm.hibernate4.LocalSessionFactoryBean.buildSessionFactory(LocalSessionFactoryBean.java:431)
	at org.springframework.orm.hibernate4.LocalSessionFactoryBean.afterPropertiesSet(LocalSessionFactoryBean.java:416)
	at org.springframework.beans.factory.support.AbstractAutowireCapableBeanFactory.invokeInitMethods(AbstractAutowireCapableBeanFactory.java:1612)
	at org.springframework.beans.factory.support.AbstractAutowireCapableBeanFactory.initializeBean(AbstractAutowireCapableBeanFactory.java:1549)
	at org.springframework.beans.factory.support.AbstractAutowireCapableBeanFactory.doCreateBean(AbstractAutowireCapableBeanFactory.java:539)
	at org.springframework.beans.factory.support.AbstractAutowireCapableBeanFactory.createBean(AbstractAutowireCapableBeanFactory.java:475)
	at org.springframework.beans.factory.support.AbstractBeanFactory$1.getObject(AbstractBeanFactory.java:304)
	at org.springframework.beans.factory.support.DefaultSingletonBeanRegistry.getSingleton(DefaultSingletonBeanRegistry.java:228)
	at org.springframework.beans.factory.support.AbstractBeanFactory.doGetBean(AbstractBeanFactory.java:300)
	at org.springframework.beans.factory.support.AbstractBeanFactory.getBean(AbstractBeanFactory.java:195)
	at org.springframework.beans.factory.support.DefaultListableBeanFactory.findAutowireCandidates(DefaultListableBeanFactory.java:1014)
	at org.springframework.beans.factory.support.DefaultListableBeanFactory.doResolveDependency(DefaultListableBeanFactory.java:957)
	at org.springframework.beans.factory.support.DefaultListableBeanFactory.resolveDependency(DefaultListableBeanFactory.java:855)
	at org.springframework.beans.factory.annotation.AutowiredAnnotationBeanPostProcessor$AutowiredFieldElement.inject(AutowiredAnnotationBeanPostProcessor.java:480)
	at org.springframework.beans.factory.annotation.InjectionMetadata.inject(InjectionMetadata.java:87)
	at org.springframework.beans.factory.annotation.AutowiredAnnotationBeanPostProcessor.postProcessPropertyValues(AutowiredAnnotationBeanPostProcessor.java:289)
	at org.springframework.beans.factory.support.AbstractAutowireCapableBeanFactory.populateBean(AbstractAutowireCapableBeanFactory.java:1185)
	at org.springframework.beans.factory.support.AbstractAutowireCapableBeanFactory.doCreateBean(AbstractAutowireCapableBeanFactory.java:537)
	at org.springframework.beans.factory.support.AbstractAutowireCapableBeanFactory.createBean(AbstractAutowireCapableBeanFactory.java:475)
	at org.springframework.beans.factory.support.AbstractBeanFactory$1.getObject(AbstractBeanFactory.java:304)
	at org.springframework.beans.factory.support.DefaultSingletonBeanRegistry.getSingleton(DefaultSingletonBeanRegistry.java:228)
	at org.springframework.beans.factory.support.AbstractBeanFactory.doGetBean(AbstractBeanFactory.java:300)
	at org.springframework.beans.factory.support.AbstractBeanFactory.getBean(AbstractBeanFactory.java:195)
	at org.springframework.beans.factory.support.DefaultListableBeanFactory.preInstantiateSingletons(DefaultListableBeanFactory.java:700)
	at org.springframework.context.support.AbstractApplicationContext.finishBeanFactoryInitialization(AbstractApplicationContext.java:760)
	at org.springframework.context.support.AbstractApplicationContext.refresh(AbstractApplicationContext.java:482)
	at org.springframework.test.context.support.AbstractGenericContextLoader.loadContext(AbstractGenericContextLoader.java:121)
	at org.springframework.test.context.support.AbstractGenericContextLoader.loadContext(AbstractGenericContextLoader.java:60)
	at org.springframework.test.context.support.AbstractDelegatingSmartContextLoader.delegateLoading(AbstractDelegatingSmartContextLoader.java:100)
	at org.springframework.test.context.support.AbstractDelegatingSmartContextLoader.loadContext(AbstractDelegatingSmartContextLoader.java:250)
	at org.springframework.test.context.CacheAwareContextLoaderDelegate.loadContextInternal(CacheAwareContextLoaderDelegate.java:64)
	at org.springframework.test.context.CacheAwareContextLoaderDelegate.loadContext(CacheAwareContextLoaderDelegate.java:91)
	at org.springframework.test.context.DefaultTestContext.getApplicationContext(DefaultTestContext.java:101)
	at org.springframework.test.context.support.DependencyInjectionTestExecutionListener.injectDependencies(DependencyInjectionTestExecutionListener.java:109)
	at org.springframework.test.context.support.DependencyInjectionTestExecutionListener.prepareTestInstance(DependencyInjectionTestExecutionListener.java:75)
	at org.springframework.test.context.TestContextManager.prepareTestInstance(TestContextManager.java:319)
	at org.springframework.test.context.junit4.SpringJUnit4ClassRunner.createTest(SpringJUnit4ClassRunner.java:212)
	at org.springframework.test.context.junit4.SpringJUnit4ClassRunner$1.runReflectiveCall(SpringJUnit4ClassRunner.java:289)
	at org.junit.internal.runners.model.ReflectiveCallable.run(ReflectiveCallable.java:12)
	at org.springframework.test.context.junit4.SpringJUnit4ClassRunner.methodBlock(SpringJUnit4ClassRunner.java:291)
	at org.springframework.test.context.junit4.SpringJUnit4ClassRunner.runChild(SpringJUnit4ClassRunner.java:232)
	at org.springframework.test.context.junit4.SpringJUnit4ClassRunner.runChild(SpringJUnit4ClassRunner.java:89)
	at org.junit.runners.ParentRunner$4.run(ParentRunner.java:331)
	at org.junit.runners.ParentRunner$1.schedule(ParentRunner.java:79)
	at org.junit.runners.ParentRunner.runChildren(ParentRunner.java:329)
	at org.junit.runners.ParentRunner.access$100(ParentRunner.java:66)
	at org.junit.runners.ParentRunner$2.evaluate(ParentRunner.java:293)
	at org.springframework.test.context.junit4.statements.RunBeforeTestClassCallbacks.evaluate(RunBeforeTestClassCallbacks.java:61)
	at org.springframework.test.context.junit4.statements.RunAfterTestClassCallbacks.evaluate(RunAfterTestClassCallbacks.java:71)
	at org.junit.runners.ParentRunner$3.evaluate(ParentRunner.java:306)
	at org.junit.runners.ParentRunner.run(ParentRunner.java:413)
	at org.springframework.test.context.junit4.SpringJUnit4ClassRunner.run(SpringJUnit4ClassRunner.java:175)
	at org.apache.tools.ant.taskdefs.optional.junit.JUnit4TestMethodAdapter.run(JUnit4TestMethodAdapter.java:109)
	at org.apache.tools.ant.taskdefs.optional.junit.JUnitTestRunner.run(JUnitTestRunner.java:534)
	at org.apache.tools.ant.taskdefs.optional.junit.JUnitTestRunner.launch(JUnitTestRunner.java:1196)
	at org.apache.tools.ant.taskdefs.optional.junit.JUnitTestRunner.main(JUnitTestRunner.java:1041)

Sept 24, 2022 3:34:28 PM org.hibernate.tuple.entity.PojoEntityTuplizer buildProxyFactory
WARN: HHH000305: Could not create proxy factory for:me.adrian.proj.model.Product
org.hibernate.HibernateException: HHH000142: Javassist Enhancement failed: me.adrian.proj.model.Product
	at org.hibernate.proxy.pojo.javassist.JavassistLazyInitializer.getProxyFactory(JavassistLazyInitializer.java:166)
	at org.hibernate.proxy.pojo.javassist.JavassistProxyFactory.postInstantiate(JavassistProxyFactory.java:67)
	at org.hibernate.tuple.entity.PojoEntityTuplizer.buildProxyFactory(PojoEntityTuplizer.java:224)
	at org.hibernate.tuple.entity.AbstractEntityTuplizer.<init>(AbstractEntityTuplizer.java:212)
	at org.hibernate.tuple.entity.PojoEntityTuplizer.<init>(PojoEntityTuplizer.java:80)
	at java.base/jdk.internal.reflect.NativeConstructorAccessorImpl.newInstance0(Native Method)
	at java.base/jdk.internal.reflect.NativeConstructorAccessorImpl.newInstance(NativeConstructorAccessorImpl.java:77)
	at java.base/jdk.internal.reflect.DelegatingConstructorAccessorImpl.newInstance(DelegatingConstructorAccessorImpl.java:45)
	at java.base/java.lang.reflect.Constructor.newInstanceWithCaller(Constructor.java:499)
	at java.base/java.lang.reflect.Constructor.newInstance(Constructor.java:480)
	at org.hibernate.tuple.entity.EntityTuplizerFactory.constructTuplizer(EntityTuplizerFactory.java:135)
	at org.hibernate.tuple.entity.EntityTuplizerFactory.constructDefaultTuplizer(EntityTuplizerFactory.java:188)
	at org.hibernate.tuple.entity.EntityMetamodel.<init>(EntityMetamodel.java:403)
	at org.hibernate.persister.entity.AbstractEntityPersister.<init>(AbstractEntityPersister.java:520)
	at org.hibernate.persister.entity.SingleTableEntityPersister.<init>(SingleTableEntityPersister.java:148)
	at java.base/jdk.internal.reflect.NativeConstructorAccessorImpl.newInstance0(Native Method)
	at java.base/jdk.internal.reflect.NativeConstructorAccessorImpl.newInstance(NativeConstructorAccessorImpl.java:77)
	at java.base/jdk.internal.reflect.DelegatingConstructorAccessorImpl.newInstance(DelegatingConstructorAccessorImpl.java:45)
	at java.base/java.lang.reflect.Constructor.newInstanceWithCaller(Constructor.java:499)
	at java.base/java.lang.reflect.Constructor.newInstance(Constructor.java:480)
	at org.hibernate.persister.internal.PersisterFactoryImpl.create(PersisterFactoryImpl.java:163)
	at org.hibernate.persister.internal.PersisterFactoryImpl.createEntityPersister(PersisterFactoryImpl.java:135)
	at org.hibernate.internal.SessionFactoryImpl.<init>(SessionFactoryImpl.java:400)
	at org.hibernate.cfg.Configuration.buildSessionFactory(Configuration.java:1857)
	at org.hibernate.cfg.Configuration.buildSessionFactory(Configuration.java:1928)
	at org.springframework.orm.hibernate4.LocalSessionFactoryBuilder.buildSessionFactory(LocalSessionFactoryBuilder.java:343)
	at org.springframework.orm.hibernate4.LocalSessionFactoryBean.buildSessionFactory(LocalSessionFactoryBean.java:431)
	at org.springframework.orm.hibernate4.LocalSessionFactoryBean.afterPropertiesSet(LocalSessionFactoryBean.java:416)
	at org.springframework.beans.factory.support.AbstractAutowireCapableBeanFactory.invokeInitMethods(AbstractAutowireCapableBeanFactory.java:1612)
	at org.springframework.beans.factory.support.AbstractAutowireCapableBeanFactory.initializeBean(AbstractAutowireCapableBeanFactory.java:1549)
	at org.springframework.beans.factory.support.AbstractAutowireCapableBeanFactory.doCreateBean(AbstractAutowireCapableBeanFactory.java:539)
	at org.springframework.beans.factory.support.AbstractAutowireCapableBeanFactory.createBean(AbstractAutowireCapableBeanFactory.java:475)
	at org.springframework.beans.factory.support.AbstractBeanFactory$1.getObject(AbstractBeanFactory.java:304)
	at org.springframework.beans.factory.support.DefaultSingletonBeanRegistry.getSingleton(DefaultSingletonBeanRegistry.java:228)
	at org.springframework.beans.factory.support.AbstractBeanFactory.doGetBean(AbstractBeanFactory.java:300)
	at org.springframework.beans.factory.support.AbstractBeanFactory.getBean(AbstractBeanFactory.java:195)
	at org.springframework.beans.factory.support.DefaultListableBeanFactory.findAutowireCandidates(DefaultListableBeanFactory.java:1014)
	at org.springframework.beans.factory.support.DefaultListableBeanFactory.doResolveDependency(DefaultListableBeanFactory.java:957)
	at org.springframework.beans.factory.support.DefaultListableBeanFactory.resolveDependency(DefaultListableBeanFactory.java:855)
	at org.springframework.beans.factory.annotation.AutowiredAnnotationBeanPostProcessor$AutowiredFieldElement.inject(AutowiredAnnotationBeanPostProcessor.java:480)
	at org.springframework.beans.factory.annotation.InjectionMetadata.inject(InjectionMetadata.java:87)
	at org.springframework.beans.factory.annotation.AutowiredAnnotationBeanPostProcessor.postProcessPropertyValues(AutowiredAnnotationBeanPostProcessor.java:289)
	at org.springframework.beans.factory.support.AbstractAutowireCapableBeanFactory.populateBean(AbstractAutowireCapableBeanFactory.java:1185)
	at org.springframework.beans.factory.support.AbstractAutowireCapableBeanFactory.doCreateBean(AbstractAutowireCapableBeanFactory.java:537)
	at org.springframework.beans.factory.support.AbstractAutowireCapableBeanFactory.createBean(AbstractAutowireCapableBeanFactory.java:475)
	at org.springframework.beans.factory.support.AbstractBeanFactory$1.getObject(AbstractBeanFactory.java:304)
	at org.springframework.beans.factory.support.DefaultSingletonBeanRegistry.getSingleton(DefaultSingletonBeanRegistry.java:228)
	at org.springframework.beans.factory.support.AbstractBeanFactory.doGetBean(AbstractBeanFactory.java:300)
	at org.springframework.beans.factory.support.AbstractBeanFactory.getBean(AbstractBeanFactory.java:195)
	at org.springframework.beans.factory.support.DefaultListableBeanFactory.preInstantiateSingletons(DefaultListableBeanFactory.java:700)
	at org.springframework.context.support.AbstractApplicationContext.finishBeanFactoryInitialization(AbstractApplicationContext.java:760)
	at org.springframework.context.support.AbstractApplicationContext.refresh(AbstractApplicationContext.java:482)
	at org.springframework.test.context.support.AbstractGenericContextLoader.loadContext(AbstractGenericContextLoader.java:121)
	at org.springframework.test.context.support.AbstractGenericContextLoader.loadContext(AbstractGenericContextLoader.java:60)
	at org.springframework.test.context.support.AbstractDelegatingSmartContextLoader.delegateLoading(AbstractDelegatingSmartContextLoader.java:100)
	at org.springframework.test.context.support.AbstractDelegatingSmartContextLoader.loadContext(AbstractDelegatingSmartContextLoader.java:250)
	at org.springframework.test.context.CacheAwareContextLoaderDelegate.loadContextInternal(CacheAwareContextLoaderDelegate.java:64)
	at org.springframework.test.context.CacheAwareContextLoaderDelegate.loadContext(CacheAwareContextLoaderDelegate.java:91)
	at org.springframework.test.context.DefaultTestContext.getApplicationContext(DefaultTestContext.java:101)
	at org.springframework.test.context.support.DependencyInjectionTestExecutionListener.injectDependencies(DependencyInjectionTestExecutionListener.java:109)
	at org.springframework.test.context.support.DependencyInjectionTestExecutionListener.prepareTestInstance(DependencyInjectionTestExecutionListener.java:75)
	at org.springframework.test.context.TestContextManager.prepareTestInstance(TestContextManager.java:319)
	at org.springframework.test.context.junit4.SpringJUnit4ClassRunner.createTest(SpringJUnit4ClassRunner.java:212)
	at org.springframework.test.context.junit4.SpringJUnit4ClassRunner$1.runReflectiveCall(SpringJUnit4ClassRunner.java:289)
	at org.junit.internal.runners.model.ReflectiveCallable.run(ReflectiveCallable.java:12)
	at org.springframework.test.context.junit4.SpringJUnit4ClassRunner.methodBlock(SpringJUnit4ClassRunner.java:291)
	at org.springframework.test.context.junit4.SpringJUnit4ClassRunner.runChild(SpringJUnit4ClassRunner.java:232)
	at org.springframework.test.context.junit4.SpringJUnit4ClassRunner.runChild(SpringJUnit4ClassRunner.java:89)
	at org.junit.runners.ParentRunner$4.run(ParentRunner.java:331)
	at org.junit.runners.ParentRunner$1.schedule(ParentRunner.java:79)
	at org.junit.runners.ParentRunner.runChildren(ParentRunner.java:329)
	at org.junit.runners.ParentRunner.access$100(ParentRunner.java:66)
	at org.junit.runners.ParentRunner$2.evaluate(ParentRunner.java:293)
	at org.springframework.test.context.junit4.statements.RunBeforeTestClassCallbacks.evaluate(RunBeforeTestClassCallbacks.java:61)
	at org.springframework.test.context.junit4.statements.RunAfterTestClassCallbacks.evaluate(RunAfterTestClassCallbacks.java:71)
	at org.junit.runners.ParentRunner$3.evaluate(ParentRunner.java:306)
	at org.junit.runners.ParentRunner.run(ParentRunner.java:413)
	at org.springframework.test.context.junit4.SpringJUnit4ClassRunner.run(SpringJUnit4ClassRunner.java:175)
	at org.apache.tools.ant.taskdefs.optional.junit.JUnit4TestMethodAdapter.run(JUnit4TestMethodAdapter.java:109)
	at org.apache.tools.ant.taskdefs.optional.junit.JUnitTestRunner.run(JUnitTestRunner.java:534)
	at org.apache.tools.ant.taskdefs.optional.junit.JUnitTestRunner.launch(JUnitTestRunner.java:1196)
	at org.apache.tools.ant.taskdefs.optional.junit.JUnitTestRunner.main(JUnitTestRunner.java:1041)
Caused by: java.lang.reflect.InaccessibleObjectException: Unable to make protected final java.lang.Class java.lang.ClassLoader.defineClass(java.lang.String,byte[],int,int,java.security.ProtectionDomain) throws java.lang.ClassFormatError accessible: module java.base does not "opens java.lang" to unnamed module @689eb690
	at java.base/java.lang.reflect.AccessibleObject.checkCanSetAccessible(AccessibleObject.java:354)
	at java.base/java.lang.reflect.AccessibleObject.checkCanSetAccessible(AccessibleObject.java:297)
	at java.base/java.lang.reflect.Method.checkCanSetAccessible(Method.java:199)
	at java.base/java.lang.reflect.Method.setAccessible(Method.java:193)
	at javassist.util.proxy.SecurityActions.setAccessible(SecurityActions.java:103)
	at javassist.util.proxy.FactoryHelper.toClass2(FactoryHelper.java:181)
	at javassist.util.proxy.FactoryHelper.toClass(FactoryHelper.java:164)
	at javassist.util.proxy.ProxyFactory.createClass3(ProxyFactory.java:507)
	at javassist.util.proxy.ProxyFactory.createClass2(ProxyFactory.java:492)
	at javassist.util.proxy.ProxyFactory.createClass1(ProxyFactory.java:428)
	at javassist.util.proxy.ProxyFactory.createClass(ProxyFactory.java:400)
	at org.hibernate.proxy.pojo.javassist.JavassistLazyInitializer.getProxyFactory(JavassistLazyInitializer.java:162)
	... 81 more

Sept 24, 2022 3:34:28 PM org.hibernate.tool.hbm2ddl.SchemaUpdate execute
INFO: HHH000228: Running hbm2ddl schema update
Sept 24, 2022 3:34:28 PM org.hibernate.tool.hbm2ddl.SchemaUpdate execute
INFO: HHH000102: Fetching database metadata
Sept 24, 2022 3:34:28 PM org.hibernate.tool.hbm2ddl.SchemaUpdate execute
INFO: HHH000396: Updating schema
Sept 24, 2022 3:34:28 PM org.hibernate.tool.hbm2ddl.TableMetadata <init>
INFO: HHH000261: Table found: retail.products
Sept 24, 2022 3:34:28 PM org.hibernate.tool.hbm2ddl.TableMetadata <init>
INFO: HHH000037: Columns: [price, name, sku]
Sept 24, 2022 3:34:28 PM org.hibernate.tool.hbm2ddl.TableMetadata <init>
INFO: HHH000108: Foreign keys: []
Sept 24, 2022 3:34:28 PM org.hibernate.tool.hbm2ddl.TableMetadata <init>
INFO: HHH000126: Indexes: [primary]
Sept 24, 2022 3:34:28 PM org.hibernate.tool.hbm2ddl.SchemaUpdate execute
INFO: HHH000232: Schema update complete
Sept 24, 2022 3:34:28 PM org.springframework.orm.hibernate4.HibernateTransactionManager afterPropertiesSet
INFO: Using DataSource [org.springframework.jdbc.datasource.DriverManagerDataSource@37c2eacb] of Hibernate SessionFactory for HibernateTransactionManager
]]></system-err>
</testsuite>
